{"/home/travis/build/npmtest/node-npmtest-lodash.isequal/test.js":{"path":"/home/travis/build/npmtest/node-npmtest-lodash.isequal/test.js","s":{"1":2,"2":2,"3":2,"4":2,"5":2,"6":2,"7":2,"8":1,"9":2,"10":2,"11":1,"12":1,"13":1,"14":1,"15":2,"16":2,"17":2,"18":2,"19":1,"20":1,"21":2,"22":2,"23":2,"24":1,"25":1,"26":1,"27":1,"28":1,"29":1,"30":1,"31":1,"32":1,"33":1,"34":1,"35":1,"36":1,"37":1,"38":1,"39":2,"40":2,"41":1,"42":2,"43":2,"44":1,"45":2,"46":2,"47":1,"48":2,"49":2,"50":1,"51":1,"52":1,"53":1,"54":1},"b":{"1":[2,1,1,1],"2":[1,1,1,1],"3":[1,1],"4":[1,1],"5":[1,1],"6":[1,1],"7":[1,1],"8":[1,1],"9":[1,1],"10":[1,1,1],"11":[1,1],"12":[1,1],"13":[1,1],"14":[1,1],"15":[1,1],"16":[1,1],"17":[1,1]},"f":{"1":2,"2":2,"3":2,"4":2,"5":2,"6":1,"7":1,"8":1,"9":2,"10":2,"11":2,"12":2,"13":1},"fnMap":{"1":{"name":"(anonymous_1)","line":12,"loc":{"start":{"line":12,"column":1},"end":{"line":12,"column":13}}},"2":{"name":"(anonymous_2)","line":19,"loc":{"start":{"line":19,"column":5},"end":{"line":19,"column":17}}},"3":{"name":"(anonymous_3)","line":23,"loc":{"start":{"line":23,"column":24},"end":{"line":23,"column":36}}},"4":{"name":"(anonymous_4)","line":61,"loc":{"start":{"line":61,"column":5},"end":{"line":61,"column":17}}},"5":{"name":"(anonymous_5)","line":82,"loc":{"start":{"line":82,"column":5},"end":{"line":82,"column":17}}},"6":{"name":"(anonymous_6)","line":91,"loc":{"start":{"line":91,"column":77},"end":{"line":94,"column":10}}},"7":{"name":"(anonymous_7)","line":112,"loc":{"start":{"line":112,"column":83},"end":{"line":115,"column":10}},"skip":true},"8":{"name":"(anonymous_8)","line":123,"loc":{"start":{"line":123,"column":77},"end":{"line":126,"column":10}},"skip":true},"9":{"name":"(anonymous_9)","line":139,"loc":{"start":{"line":139,"column":12},"end":{"line":139,"column":40}},"skip":true},"10":{"name":"(anonymous_10)","line":147,"loc":{"start":{"line":147,"column":77},"end":{"line":150,"column":10}},"skip":true},"11":{"name":"(anonymous_11)","line":158,"loc":{"start":{"line":158,"column":83},"end":{"line":161,"column":10}},"skip":true},"12":{"name":"(anonymous_12)","line":169,"loc":{"start":{"line":169,"column":79},"end":{"line":172,"column":10}},"skip":true},"13":{"name":"(anonymous_13)","line":180,"loc":{"start":{"line":180,"column":75},"end":{"line":183,"column":10}},"skip":true}},"statementMap":{"1":{"start":{"line":12,"column":0},"end":{"line":195,"column":5}},"2":{"start":{"line":14,"column":4},"end":{"line":14,"column":14}},"3":{"start":{"line":19,"column":4},"end":{"line":56,"column":9}},"4":{"start":{"line":21,"column":8},"end":{"line":21,"column":19}},"5":{"start":{"line":23,"column":8},"end":{"line":35,"column":13}},"6":{"start":{"line":24,"column":12},"end":{"line":34,"column":13}},"7":{"start":{"line":25,"column":16},"end":{"line":28,"column":30}},"8":{"start":{"line":30,"column":16},"end":{"line":33,"column":27}},"9":{"start":{"line":37,"column":8},"end":{"line":39,"column":21}},"10":{"start":{"line":40,"column":8},"end":{"line":53,"column":9}},"11":{"start":{"line":43,"column":12},"end":{"line":46,"column":14}},"12":{"start":{"line":47,"column":12},"end":{"line":47,"column":18}},"13":{"start":{"line":50,"column":12},"end":{"line":51,"column":33}},"14":{"start":{"line":52,"column":12},"end":{"line":52,"column":18}},"15":{"start":{"line":55,"column":8},"end":{"line":55,"column":35}},"16":{"start":{"line":61,"column":4},"end":{"line":63,"column":9}},"17":{"start":{"line":62,"column":8},"end":{"line":62,"column":15}},"18":{"start":{"line":64,"column":4},"end":{"line":77,"column":5}},"19":{"start":{"line":70,"column":8},"end":{"line":70,"column":14}},"20":{"start":{"line":76,"column":8},"end":{"line":76,"column":14}},"21":{"start":{"line":82,"column":4},"end":{"line":84,"column":9}},"22":{"start":{"line":83,"column":8},"end":{"line":83,"column":15}},"23":{"start":{"line":85,"column":4},"end":{"line":194,"column":5}},"24":{"start":{"line":91,"column":8},"end":{"line":99,"column":10}},"25":{"start":{"line":98,"column":12},"end":{"line":98,"column":35}},"26":{"start":{"line":102,"column":8},"end":{"line":104,"column":63}},"27":{"start":{"line":105,"column":8},"end":{"line":105,"column":14}},"28":{"start":{"line":112,"column":8},"end":{"line":121,"column":10},"skip":true},"29":{"start":{"line":119,"column":12},"end":{"line":119,"column":55},"skip":true},"30":{"start":{"line":120,"column":12},"end":{"line":120,"column":48},"skip":true},"31":{"start":{"line":123,"column":8},"end":{"line":136,"column":10},"skip":true},"32":{"start":{"line":130,"column":12},"end":{"line":130,"column":76},"skip":true},"33":{"start":{"line":131,"column":12},"end":{"line":131,"column":73},"skip":true},"34":{"start":{"line":132,"column":12},"end":{"line":132,"column":74},"skip":true},"35":{"start":{"line":133,"column":12},"end":{"line":133,"column":79},"skip":true},"36":{"start":{"line":134,"column":12},"end":{"line":134,"column":25},"skip":true},"37":{"start":{"line":135,"column":12},"end":{"line":135,"column":45},"skip":true},"38":{"start":{"line":138,"column":8},"end":{"line":145,"column":14},"skip":true},"39":{"start":{"line":143,"column":16},"end":{"line":143,"column":29},"skip":true},"40":{"start":{"line":144,"column":16},"end":{"line":144,"column":55},"skip":true},"41":{"start":{"line":147,"column":8},"end":{"line":156,"column":10},"skip":true},"42":{"start":{"line":154,"column":12},"end":{"line":154,"column":25},"skip":true},"43":{"start":{"line":155,"column":12},"end":{"line":155,"column":45},"skip":true},"44":{"start":{"line":158,"column":8},"end":{"line":167,"column":10},"skip":true},"45":{"start":{"line":165,"column":12},"end":{"line":165,"column":25},"skip":true},"46":{"start":{"line":166,"column":12},"end":{"line":166,"column":48},"skip":true},"47":{"start":{"line":169,"column":8},"end":{"line":178,"column":10},"skip":true},"48":{"start":{"line":176,"column":12},"end":{"line":176,"column":25},"skip":true},"49":{"start":{"line":177,"column":12},"end":{"line":177,"column":46},"skip":true},"50":{"start":{"line":180,"column":8},"end":{"line":189,"column":10},"skip":true},"51":{"start":{"line":187,"column":12},"end":{"line":187,"column":94},"skip":true},"52":{"start":{"line":188,"column":12},"end":{"line":188,"column":48},"skip":true},"53":{"start":{"line":192,"column":8},"end":{"line":192,"column":35},"skip":true},"54":{"start":{"line":193,"column":8},"end":{"line":193,"column":14},"skip":true}},"branchMap":{"1":{"line":25,"type":"binary-expr","locations":[{"start":{"line":25,"column":23},"end":{"line":25,"column":62}},{"start":{"line":26,"column":20},"end":{"line":26,"column":70}},{"start":{"line":27,"column":20},"end":{"line":27,"column":71}},{"start":{"line":28,"column":20},"end":{"line":28,"column":29}}]},"2":{"line":30,"type":"binary-expr","locations":[{"start":{"line":30,"column":23},"end":{"line":30,"column":37}},{"start":{"line":31,"column":20},"end":{"line":31,"column":61}},{"start":{"line":32,"column":20},"end":{"line":32,"column":70}},{"start":{"line":33,"column":20},"end":{"line":33,"column":26}}]},"3":{"line":37,"type":"cond-expr","locations":[{"start":{"line":38,"column":14},"end":{"line":38,"column":20}},{"start":{"line":39,"column":14},"end":{"line":39,"column":20}}]},"4":{"line":40,"type":"switch","locations":[{"start":{"line":42,"column":8},"end":{"line":47,"column":18}},{"start":{"line":49,"column":8},"end":{"line":52,"column":18}}]},"5":{"line":44,"type":"binary-expr","locations":[{"start":{"line":44,"column":16},"end":{"line":44,"column":44}},{"start":{"line":44,"column":48},"end":{"line":44,"column":66}}]},"6":{"line":50,"type":"binary-expr","locations":[{"start":{"line":50,"column":21},"end":{"line":50,"column":49}},{"start":{"line":50,"column":53},"end":{"line":50,"column":72}}]},"7":{"line":64,"type":"switch","locations":[{"start":{"line":69,"column":4},"end":{"line":70,"column":14}},{"start":{"line":75,"column":4},"end":{"line":76,"column":14}}]},"8":{"line":85,"type":"switch","locations":[{"start":{"line":90,"column":4},"end":{"line":105,"column":14}},{"start":{"line":111,"column":4},"end":{"line":193,"column":14},"skip":true}]},"9":{"line":91,"type":"binary-expr","locations":[{"start":{"line":91,"column":42},"end":{"line":91,"column":73}},{"start":{"line":91,"column":77},"end":{"line":99,"column":9}}]},"10":{"line":102,"type":"binary-expr","locations":[{"start":{"line":102,"column":18},"end":{"line":102,"column":32}},{"start":{"line":103,"column":12},"end":{"line":103,"column":53}},{"start":{"line":104,"column":12},"end":{"line":104,"column":61}}]},"11":{"line":112,"type":"binary-expr","locations":[{"start":{"line":112,"column":45},"end":{"line":112,"column":79},"skip":true},{"start":{"line":112,"column":83},"end":{"line":121,"column":9},"skip":true}]},"12":{"line":123,"type":"binary-expr","locations":[{"start":{"line":123,"column":42},"end":{"line":123,"column":73},"skip":true},{"start":{"line":123,"column":77},"end":{"line":136,"column":9},"skip":true}]},"13":{"line":138,"type":"binary-expr","locations":[{"start":{"line":138,"column":48},"end":{"line":138,"column":85},"skip":true},{"start":{"line":139,"column":12},"end":{"line":145,"column":13},"skip":true}]},"14":{"line":147,"type":"binary-expr","locations":[{"start":{"line":147,"column":42},"end":{"line":147,"column":73},"skip":true},{"start":{"line":147,"column":77},"end":{"line":156,"column":9},"skip":true}]},"15":{"line":158,"type":"binary-expr","locations":[{"start":{"line":158,"column":45},"end":{"line":158,"column":79},"skip":true},{"start":{"line":158,"column":83},"end":{"line":167,"column":9},"skip":true}]},"16":{"line":169,"type":"binary-expr","locations":[{"start":{"line":169,"column":43},"end":{"line":169,"column":75},"skip":true},{"start":{"line":169,"column":79},"end":{"line":178,"column":9},"skip":true}]},"17":{"line":180,"type":"binary-expr","locations":[{"start":{"line":180,"column":41},"end":{"line":180,"column":71},"skip":true},{"start":{"line":180,"column":75},"end":{"line":189,"column":9},"skip":true}]}},"code":["/* istanbul instrument in package npmtest_lodash_isequal */","/*jslint","    bitwise: true,","    browser: true,","    maxerr: 8,","    maxlen: 96,","    node: true,","    nomen: true,","    regexp: true,","    stupid: true","*/","(function () {","    'use strict';","    var local;","","","","    // run shared js-env code - pre-init","    (function () {","        // init local","        local = {};","        // init modeJs","        local.modeJs = (function () {","            try {","                return typeof navigator.userAgent === 'string' &&","                    typeof document.querySelector('body') === 'object' &&","                    typeof XMLHttpRequest.prototype.open === 'function' &&","                    'browser';","            } catch (errorCaughtBrowser) {","                return module.exports &&","                    typeof process.versions.node === 'string' &&","                    typeof require('http').createServer === 'function' &&","                    'node';","            }","        }());","        // init global","        local.global = local.modeJs === 'browser'","            ? window","            : global;","        switch (local.modeJs) {","        // re-init local from window.local","        case 'browser':","            local = local.global.utility2.objectSetDefault(","                local.global.utility2_rollup || local.global.local,","                local.global.utility2","            );","            break;","        // re-init local from example.js","        case 'node':","            local = (local.global.utility2_rollup || require('utility2'))","                .requireReadme();","            break;","        }","        // export local","        local.global.local = local;","    }());","","","","    // run shared js-env code - function","    (function () {","        return;","    }());","    switch (local.modeJs) {","","","","    // run browser js-env code - function","    case 'browser':","        break;","","","","    // run node js-env code - function","    case 'node':","        break;","    }","","","","    // run shared js-env code - post-init","    (function () {","        return;","    }());","    switch (local.modeJs) {","","","","    // run browser js-env code - post-init","    case 'browser':","        local.testCase_browser_nullCase = local.testCase_browser_nullCase || function (","            options,","            onError","        ) {","        /*","         * this function will test browsers's null-case handling-behavior-behavior","         */","            onError(null, options);","        };","","        // run tests","        local.nop(local.modeTest &&","            document.querySelector('#testRunButton1') &&","            document.querySelector('#testRunButton1').click());","        break;","","","","    // run node js-env code - post-init","    /* istanbul ignore next */","    case 'node':","        local.testCase_buildApidoc_default = local.testCase_buildApidoc_default || function (","            options,","            onError","        ) {","        /*","         * this function will test buildApidoc's default handling-behavior-behavior","         */","            options = { modulePathList: module.paths };","            local.buildApidoc(options, onError);","        };","","        local.testCase_buildApp_default = local.testCase_buildApp_default || function (","            options,","            onError","        ) {","        /*","         * this function will test buildApp's default handling-behavior-behavior","         */","            local.testCase_buildReadme_default(options, local.onErrorThrow);","            local.testCase_buildLib_default(options, local.onErrorThrow);","            local.testCase_buildTest_default(options, local.onErrorThrow);","            local.testCase_buildCustomOrg_default(options, local.onErrorThrow);","            options = [];","            local.buildApp(options, onError);","        };","","        local.testCase_buildCustomOrg_default = local.testCase_buildCustomOrg_default ||","            function (options, onError) {","            /*","             * this function will test buildCustomOrg's default handling-behavior","             */","                options = {};","                local.buildCustomOrg(options, onError);","            };","","        local.testCase_buildLib_default = local.testCase_buildLib_default || function (","            options,","            onError","        ) {","        /*","         * this function will test buildLib's default handling-behavior","         */","            options = {};","            local.buildLib(options, onError);","        };","","        local.testCase_buildReadme_default = local.testCase_buildReadme_default || function (","            options,","            onError","        ) {","        /*","         * this function will test buildReadme's default handling-behavior-behavior","         */","            options = {};","            local.buildReadme(options, onError);","        };","","        local.testCase_buildTest_default = local.testCase_buildTest_default || function (","            options,","            onError","        ) {","        /*","         * this function will test buildTest's default handling-behavior","         */","            options = {};","            local.buildTest(options, onError);","        };","","        local.testCase_webpage_default = local.testCase_webpage_default || function (","            options,","            onError","        ) {","        /*","         * this function will test webpage's default handling-behavior","         */","            options = { modeCoverageMerge: true, url: local.serverLocalHost + '?modeTest=1' };","            local.browserTest(options, onError);","        };","","        // run test-server","        local.testRunServer(local);","        break;","    }","}());",""],"l":{"12":2,"14":2,"19":2,"21":2,"23":2,"24":2,"25":2,"30":1,"37":2,"40":2,"43":1,"47":1,"50":1,"52":1,"55":2,"61":2,"62":2,"64":2,"70":1,"76":1,"82":2,"83":2,"85":2,"91":1,"98":1,"102":1,"105":1,"112":1,"119":1,"120":1,"123":1,"130":1,"131":1,"132":1,"133":1,"134":1,"135":1,"138":1,"143":2,"144":2,"147":1,"154":2,"155":2,"158":1,"165":2,"166":2,"169":1,"176":2,"177":2,"180":1,"187":1,"188":1,"192":1,"193":1}},"/home/travis/build/npmtest/node-npmtest-lodash.isequal/lib.npmtest_lodash.isequal.js":{"path":"/home/travis/build/npmtest/node-npmtest-lodash.isequal/lib.npmtest_lodash.isequal.js","s":{"1":2,"2":2,"3":2,"4":2,"5":2,"6":2,"7":2,"8":1,"9":2,"10":2,"11":2,"12":2,"13":1,"14":1,"15":1,"16":1},"b":{"1":[2,1,1,1],"2":[1,1,1,1],"3":[1,1],"4":[2,2],"5":[1,1]},"f":{"1":2,"2":2,"3":2},"fnMap":{"1":{"name":"(anonymous_1)","line":12,"loc":{"start":{"line":12,"column":1},"end":{"line":12,"column":13}}},"2":{"name":"(anonymous_2)","line":19,"loc":{"start":{"line":19,"column":5},"end":{"line":19,"column":17}}},"3":{"name":"(anonymous_3)","line":23,"loc":{"start":{"line":23,"column":24},"end":{"line":23,"column":36}}}},"statementMap":{"1":{"start":{"line":12,"column":0},"end":{"line":53,"column":5}},"2":{"start":{"line":14,"column":4},"end":{"line":14,"column":14}},"3":{"start":{"line":19,"column":4},"end":{"line":52,"column":9}},"4":{"start":{"line":21,"column":8},"end":{"line":21,"column":19}},"5":{"start":{"line":23,"column":8},"end":{"line":35,"column":13}},"6":{"start":{"line":24,"column":12},"end":{"line":34,"column":13}},"7":{"start":{"line":25,"column":16},"end":{"line":28,"column":30}},"8":{"start":{"line":30,"column":16},"end":{"line":33,"column":27}},"9":{"start":{"line":37,"column":8},"end":{"line":39,"column":21}},"10":{"start":{"line":41,"column":8},"end":{"line":41,"column":54}},"11":{"start":{"line":43,"column":8},"end":{"line":43,"column":59}},"12":{"start":{"line":45,"column":8},"end":{"line":51,"column":9}},"13":{"start":{"line":46,"column":12},"end":{"line":46,"column":65}},"14":{"start":{"line":48,"column":12},"end":{"line":48,"column":35}},"15":{"start":{"line":49,"column":12},"end":{"line":49,"column":49}},"16":{"start":{"line":50,"column":12},"end":{"line":50,"column":43}}},"branchMap":{"1":{"line":25,"type":"binary-expr","locations":[{"start":{"line":25,"column":23},"end":{"line":25,"column":62}},{"start":{"line":26,"column":20},"end":{"line":26,"column":70}},{"start":{"line":27,"column":20},"end":{"line":27,"column":71}},{"start":{"line":28,"column":20},"end":{"line":28,"column":29}}]},"2":{"line":30,"type":"binary-expr","locations":[{"start":{"line":30,"column":23},"end":{"line":30,"column":37}},{"start":{"line":31,"column":20},"end":{"line":31,"column":61}},{"start":{"line":32,"column":20},"end":{"line":32,"column":70}},{"start":{"line":33,"column":20},"end":{"line":33,"column":26}}]},"3":{"line":37,"type":"cond-expr","locations":[{"start":{"line":38,"column":14},"end":{"line":38,"column":20}},{"start":{"line":39,"column":14},"end":{"line":39,"column":20}}]},"4":{"line":41,"type":"binary-expr","locations":[{"start":{"line":41,"column":16},"end":{"line":41,"column":44}},{"start":{"line":41,"column":48},"end":{"line":41,"column":53}}]},"5":{"line":45,"type":"if","locations":[{"start":{"line":45,"column":8},"end":{"line":45,"column":8}},{"start":{"line":45,"column":8},"end":{"line":45,"column":8}}]}},"code":["/* istanbul instrument in package npmtest_lodash_isequal */","/*jslint","    bitwise: true,","    browser: true,","    maxerr: 8,","    maxlen: 96,","    node: true,","    nomen: true,","    regexp: true,","    stupid: true","*/","(function () {","    'use strict';","    var local;","","","","    // run shared js-env code - pre-init","    (function () {","        // init local","        local = {};","        // init modeJs","        local.modeJs = (function () {","            try {","                return typeof navigator.userAgent === 'string' &&","                    typeof document.querySelector('body') === 'object' &&","                    typeof XMLHttpRequest.prototype.open === 'function' &&","                    'browser';","            } catch (errorCaughtBrowser) {","                return module.exports &&","                    typeof process.versions.node === 'string' &&","                    typeof require('http').createServer === 'function' &&","                    'node';","            }","        }());","        // init global","        local.global = local.modeJs === 'browser'","            ? window","            : global;","        // init utility2_rollup","        local = local.global.utility2_rollup || local;","        // init lib","        local.local = local.npmtest_lodash_isequal = local;","        // init exports","        if (local.modeJs === 'browser') {","            local.global.utility2_npmtest_lodash_isequal = local;","        } else {","            module.exports = local;","            module.exports.__dirname = __dirname;","            module.exports.module = module;","        }","    }());","}());",""],"l":{"12":2,"14":2,"19":2,"21":2,"23":2,"24":2,"25":2,"30":1,"37":2,"41":2,"43":2,"45":2,"46":1,"48":1,"49":1,"50":1}},"/home/travis/build/npmtest/node-npmtest-lodash.isequal/example.js":{"path":"/home/travis/build/npmtest/node-npmtest-lodash.isequal/example.js","s":{"1":2,"2":2,"3":2,"4":2,"5":2,"6":2,"7":2,"8":1,"9":2,"10":2,"11":2,"12":2,"13":1,"14":2,"15":2,"16":2,"17":2,"18":2,"19":0,"20":2,"21":1,"22":1,"23":1,"24":1,"25":1,"26":0,"27":0,"28":1,"29":1,"30":2,"31":0,"32":0,"33":0,"34":1,"35":2,"36":2,"37":3,"38":3,"39":3,"40":3,"41":0,"42":3,"43":3,"44":3,"45":1,"46":3,"47":1,"48":1,"49":1,"50":1,"51":1,"52":1,"53":1,"54":1,"55":1,"56":1,"57":0,"58":1,"59":6,"60":6,"61":1,"62":2,"63":0,"64":2,"65":1,"66":1,"67":0,"68":0,"69":0,"70":0,"71":0,"72":0,"73":0,"74":0,"75":0,"76":0,"77":0,"78":0,"79":0,"80":0,"81":0,"82":0,"83":0},"b":{"1":[2,1,1,1],"2":[1,1,1,1],"3":[1,1],"4":[2,2],"5":[1,1],"6":[1,1],"7":[2,0],"8":[2,1,1,1,1,1],"9":[0,2,0],"10":[1,1],"11":[2,1,1],"12":[1,0],"13":[0,2],"14":[2,0,0,0,0,0,0],"15":[0,3],"16":[3,0],"17":[1,1],"18":[0,1],"19":[1,2,0,2],"20":[1,0],"21":[1,1],"22":[0,0],"23":[0,0],"24":[0,0],"25":[0,0],"26":[0,0],"27":[0,0],"28":[0,0]},"f":{"1":2,"2":2,"3":2,"4":2,"5":2,"6":2,"7":3,"8":3,"9":3,"10":1,"11":6,"12":0},"fnMap":{"1":{"name":"(anonymous_1)","line":26,"loc":{"start":{"line":26,"column":1},"end":{"line":26,"column":13}}},"2":{"name":"(anonymous_2)","line":33,"loc":{"start":{"line":33,"column":5},"end":{"line":33,"column":17}}},"3":{"name":"(anonymous_3)","line":37,"loc":{"start":{"line":37,"column":24},"end":{"line":37,"column":36}}},"4":{"name":"(anonymous_4)","line":69,"loc":{"start":{"line":69,"column":31},"end":{"line":69,"column":48}},"skip":true},"5":{"name":"(anonymous_5)","line":78,"loc":{"start":{"line":78,"column":26},"end":{"line":78,"column":45}},"skip":true},"6":{"name":"(anonymous_6)","line":123,"loc":{"start":{"line":123,"column":33},"end":{"line":123,"column":48}},"skip":true},"7":{"name":"(anonymous_7)","line":125,"loc":{"start":{"line":125,"column":27},"end":{"line":125,"column":39}},"skip":true},"8":{"name":"(anonymous_8)","line":133,"loc":{"start":{"line":133,"column":59},"end":{"line":133,"column":74}},"skip":true},"9":{"name":"(anonymous_9)","line":143,"loc":{"start":{"line":143,"column":45},"end":{"line":143,"column":62}},"skip":true},"10":{"name":"(anonymous_10)","line":144,"loc":{"start":{"line":144,"column":73},"end":{"line":144,"column":92}},"skip":true},"11":{"name":"(anonymous_11)","line":272,"loc":{"start":{"line":272,"column":51},"end":{"line":272,"column":77}},"skip":true},"12":{"name":"(anonymous_12)","line":315,"loc":{"start":{"line":315,"column":32},"end":{"line":315,"column":61}},"skip":true}},"statementMap":{"1":{"start":{"line":26,"column":0},"end":{"line":326,"column":5}},"2":{"start":{"line":28,"column":4},"end":{"line":28,"column":14}},"3":{"start":{"line":33,"column":4},"end":{"line":60,"column":9}},"4":{"start":{"line":35,"column":8},"end":{"line":35,"column":19}},"5":{"start":{"line":37,"column":8},"end":{"line":49,"column":13}},"6":{"start":{"line":38,"column":12},"end":{"line":48,"column":13}},"7":{"start":{"line":39,"column":16},"end":{"line":42,"column":30}},"8":{"start":{"line":44,"column":16},"end":{"line":47,"column":27}},"9":{"start":{"line":51,"column":8},"end":{"line":53,"column":21}},"10":{"start":{"line":55,"column":8},"end":{"line":57,"column":45}},"11":{"start":{"line":59,"column":8},"end":{"line":59,"column":35}},"12":{"start":{"line":61,"column":4},"end":{"line":325,"column":5}},"13":{"start":{"line":69,"column":8},"end":{"line":121,"column":10},"skip":true},"14":{"start":{"line":70,"column":12},"end":{"line":88,"column":13},"skip":true},"15":{"start":{"line":76,"column":16},"end":{"line":87,"column":19},"skip":true},"16":{"start":{"line":79,"column":20},"end":{"line":86,"column":21},"skip":true},"17":{"start":{"line":82,"column":24},"end":{"line":82,"column":43},"skip":true},"18":{"start":{"line":83,"column":24},"end":{"line":83,"column":30},"skip":true},"19":{"start":{"line":85,"column":24},"end":{"line":85,"column":49},"skip":true},"20":{"start":{"line":89,"column":12},"end":{"line":107,"column":13},"skip":true},"21":{"start":{"line":92,"column":16},"end":{"line":102,"column":17},"skip":true},"22":{"start":{"line":93,"column":20},"end":{"line":93,"column":86},"skip":true},"23":{"start":{"line":94,"column":20},"end":{"line":95,"column":45},"skip":true},"24":{"start":{"line":96,"column":20},"end":{"line":96,"column":42},"skip":true},"25":{"start":{"line":97,"column":20},"end":{"line":97,"column":48},"skip":true},"26":{"start":{"line":100,"column":20},"end":{"line":100,"column":85},"skip":true},"27":{"start":{"line":101,"column":20},"end":{"line":101,"column":96},"skip":true},"28":{"start":{"line":103,"column":16},"end":{"line":103,"column":22},"skip":true},"29":{"start":{"line":106,"column":16},"end":{"line":106,"column":22},"skip":true},"30":{"start":{"line":108,"column":12},"end":{"line":120,"column":13},"skip":true},"31":{"start":{"line":114,"column":16},"end":{"line":119,"column":17},"skip":true},"32":{"start":{"line":116,"column":20},"end":{"line":116,"column":78},"skip":true},"33":{"start":{"line":118,"column":20},"end":{"line":118,"column":47},"skip":true},"34":{"start":{"line":123,"column":8},"end":{"line":141,"column":11},"skip":true},"35":{"start":{"line":124,"column":12},"end":{"line":124,"column":54},"skip":true},"36":{"start":{"line":125,"column":12},"end":{"line":140,"column":14},"skip":true},"37":{"start":{"line":126,"column":16},"end":{"line":126,"column":28},"skip":true},"38":{"start":{"line":127,"column":16},"end":{"line":127,"column":69},"skip":true},"39":{"start":{"line":128,"column":16},"end":{"line":128,"column":75},"skip":true},"40":{"start":{"line":129,"column":16},"end":{"line":131,"column":17},"skip":true},"41":{"start":{"line":130,"column":20},"end":{"line":130,"column":27},"skip":true},"42":{"start":{"line":133,"column":16},"end":{"line":137,"column":36},"skip":true},"43":{"start":{"line":134,"column":20},"end":{"line":136,"column":55},"skip":true},"44":{"start":{"line":139,"column":16},"end":{"line":139,"column":57},"skip":true},"45":{"start":{"line":143,"column":8},"end":{"line":147,"column":11},"skip":true},"46":{"start":{"line":144,"column":12},"end":{"line":146,"column":15},"skip":true},"47":{"start":{"line":145,"column":16},"end":{"line":145,"column":70},"skip":true},"48":{"start":{"line":149,"column":8},"end":{"line":149,"column":31},"skip":true},"49":{"start":{"line":150,"column":8},"end":{"line":150,"column":14},"skip":true},"50":{"start":{"line":158,"column":8},"end":{"line":158,"column":31},"skip":true},"51":{"start":{"line":160,"column":8},"end":{"line":160,"column":33},"skip":true},"52":{"start":{"line":161,"column":8},"end":{"line":161,"column":37},"skip":true},"53":{"start":{"line":162,"column":8},"end":{"line":162,"column":35},"skip":true},"54":{"start":{"line":164,"column":8},"end":{"line":164,"column":50},"skip":true},"55":{"start":{"line":166,"column":8},"end":{"line":256,"column":2},"skip":true},"56":{"start":{"line":258,"column":8},"end":{"line":286,"column":9},"skip":true},"57":{"start":{"line":259,"column":12},"end":{"line":269,"column":14},"skip":true},"58":{"start":{"line":271,"column":12},"end":{"line":285,"column":19},"skip":true},"59":{"start":{"line":274,"column":20},"end":{"line":274,"column":35},"skip":true},"60":{"start":{"line":275,"column":20},"end":{"line":284,"column":21},"skip":true},"61":{"start":{"line":277,"column":24},"end":{"line":277,"column":64},"skip":true},"62":{"start":{"line":279,"column":24},"end":{"line":279,"column":40},"skip":true},"63":{"start":{"line":281,"column":24},"end":{"line":281,"column":40},"skip":true},"64":{"start":{"line":283,"column":24},"end":{"line":283,"column":39},"skip":true},"65":{"start":{"line":288,"column":8},"end":{"line":290,"column":9},"skip":true},"66":{"start":{"line":289,"column":12},"end":{"line":289,"column":18},"skip":true},"67":{"start":{"line":291,"column":8},"end":{"line":293,"column":54},"skip":true},"68":{"start":{"line":296,"column":8},"end":{"line":301,"column":37},"skip":true},"69":{"start":{"line":303,"column":8},"end":{"line":303,"column":82},"skip":true},"70":{"start":{"line":306,"column":8},"end":{"line":308,"column":9},"skip":true},"71":{"start":{"line":307,"column":12},"end":{"line":307,"column":82},"skip":true},"72":{"start":{"line":310,"column":8},"end":{"line":312,"column":9},"skip":true},"73":{"start":{"line":311,"column":12},"end":{"line":311,"column":18},"skip":true},"74":{"start":{"line":313,"column":8},"end":{"line":313,"column":54},"skip":true},"75":{"start":{"line":314,"column":8},"end":{"line":314,"column":69},"skip":true},"76":{"start":{"line":315,"column":8},"end":{"line":323,"column":36},"skip":true},"77":{"start":{"line":316,"column":12},"end":{"line":316,"column":61},"skip":true},"78":{"start":{"line":317,"column":12},"end":{"line":320,"column":13},"skip":true},"79":{"start":{"line":318,"column":16},"end":{"line":318,"column":75},"skip":true},"80":{"start":{"line":319,"column":16},"end":{"line":319,"column":23},"skip":true},"81":{"start":{"line":321,"column":12},"end":{"line":321,"column":38},"skip":true},"82":{"start":{"line":322,"column":12},"end":{"line":322,"column":27},"skip":true},"83":{"start":{"line":324,"column":8},"end":{"line":324,"column":14},"skip":true}},"branchMap":{"1":{"line":39,"type":"binary-expr","locations":[{"start":{"line":39,"column":23},"end":{"line":39,"column":62}},{"start":{"line":40,"column":20},"end":{"line":40,"column":70}},{"start":{"line":41,"column":20},"end":{"line":41,"column":71}},{"start":{"line":42,"column":20},"end":{"line":42,"column":29}}]},"2":{"line":44,"type":"binary-expr","locations":[{"start":{"line":44,"column":23},"end":{"line":44,"column":37}},{"start":{"line":45,"column":20},"end":{"line":45,"column":61}},{"start":{"line":46,"column":20},"end":{"line":46,"column":70}},{"start":{"line":47,"column":20},"end":{"line":47,"column":26}}]},"3":{"line":51,"type":"cond-expr","locations":[{"start":{"line":52,"column":14},"end":{"line":52,"column":20}},{"start":{"line":53,"column":14},"end":{"line":53,"column":20}}]},"4":{"line":55,"type":"binary-expr","locations":[{"start":{"line":55,"column":16},"end":{"line":55,"column":44}},{"start":{"line":55,"column":49},"end":{"line":57,"column":43}}]},"5":{"line":55,"type":"cond-expr","locations":[{"start":{"line":56,"column":14},"end":{"line":56,"column":58}},{"start":{"line":57,"column":14},"end":{"line":57,"column":43}}]},"6":{"line":61,"type":"switch","locations":[{"start":{"line":68,"column":4},"end":{"line":150,"column":14},"skip":true},{"start":{"line":156,"column":4},"end":{"line":324,"column":14},"skip":true}]},"7":{"line":70,"type":"if","locations":[{"start":{"line":70,"column":12},"end":{"line":70,"column":12},"skip":true},{"start":{"line":70,"column":12},"end":{"line":70,"column":12},"skip":true}]},"8":{"line":70,"type":"binary-expr","locations":[{"start":{"line":70,"column":16},"end":{"line":70,"column":22},"skip":true},{"start":{"line":70,"column":27},"end":{"line":70,"column":32},"skip":true},{"start":{"line":71,"column":20},"end":{"line":71,"column":39},"skip":true},{"start":{"line":72,"column":20},"end":{"line":72,"column":49},"skip":true},{"start":{"line":73,"column":20},"end":{"line":73,"column":58},"skip":true},{"start":{"line":74,"column":20},"end":{"line":74,"column":69},"skip":true}]},"9":{"line":79,"type":"switch","locations":[{"start":{"line":80,"column":20},"end":{"line":80,"column":33},"skip":true},{"start":{"line":81,"column":20},"end":{"line":83,"column":30},"skip":true},{"start":{"line":84,"column":20},"end":{"line":85,"column":49},"skip":true}]},"10":{"line":89,"type":"switch","locations":[{"start":{"line":90,"column":12},"end":{"line":103,"column":22},"skip":true},{"start":{"line":105,"column":12},"end":{"line":106,"column":22},"skip":true}]},"11":{"line":89,"type":"binary-expr","locations":[{"start":{"line":89,"column":20},"end":{"line":89,"column":25},"skip":true},{"start":{"line":89,"column":29},"end":{"line":89,"column":48},"skip":true},{"start":{"line":89,"column":52},"end":{"line":89,"column":74},"skip":true}]},"12":{"line":92,"type":"if","locations":[{"start":{"line":92,"column":16},"end":{"line":92,"column":16},"skip":true},{"start":{"line":92,"column":16},"end":{"line":92,"column":16},"skip":true}]},"13":{"line":108,"type":"if","locations":[{"start":{"line":108,"column":12},"end":{"line":108,"column":12},"skip":true},{"start":{"line":108,"column":12},"end":{"line":108,"column":12},"skip":true}]},"14":{"line":108,"type":"binary-expr","locations":[{"start":{"line":108,"column":16},"end":{"line":108,"column":61},"skip":true},{"start":{"line":108,"column":66},"end":{"line":108,"column":72},"skip":true},{"start":{"line":108,"column":77},"end":{"line":108,"column":82},"skip":true},{"start":{"line":109,"column":20},"end":{"line":109,"column":39},"skip":true},{"start":{"line":110,"column":20},"end":{"line":110,"column":49},"skip":true},{"start":{"line":111,"column":20},"end":{"line":111,"column":58},"skip":true},{"start":{"line":112,"column":20},"end":{"line":112,"column":68},"skip":true}]},"15":{"line":129,"type":"if","locations":[{"start":{"line":129,"column":16},"end":{"line":129,"column":16},"skip":true},{"start":{"line":129,"column":16},"end":{"line":129,"column":16},"skip":true}]},"16":{"line":134,"type":"cond-expr","locations":[{"start":{"line":135,"column":26},"end":{"line":135,"column":29},"skip":true},{"start":{"line":136,"column":26},"end":{"line":136,"column":54},"skip":true}]},"17":{"line":164,"type":"binary-expr","locations":[{"start":{"line":164,"column":27},"end":{"line":164,"column":43},"skip":true},{"start":{"line":164,"column":47},"end":{"line":164,"column":49},"skip":true}]},"18":{"line":258,"type":"if","locations":[{"start":{"line":258,"column":8},"end":{"line":258,"column":8},"skip":true},{"start":{"line":258,"column":8},"end":{"line":258,"column":8},"skip":true}]},"19":{"line":275,"type":"switch","locations":[{"start":{"line":276,"column":20},"end":{"line":277,"column":64},"skip":true},{"start":{"line":278,"column":20},"end":{"line":279,"column":40},"skip":true},{"start":{"line":280,"column":20},"end":{"line":281,"column":40},"skip":true},{"start":{"line":282,"column":20},"end":{"line":283,"column":39},"skip":true}]},"20":{"line":288,"type":"if","locations":[{"start":{"line":288,"column":8},"end":{"line":288,"column":8},"skip":true},{"start":{"line":288,"column":8},"end":{"line":288,"column":8},"skip":true}]},"21":{"line":288,"type":"binary-expr","locations":[{"start":{"line":288,"column":12},"end":{"line":288,"column":40},"skip":true},{"start":{"line":288,"column":44},"end":{"line":288,"column":67},"skip":true}]},"22":{"line":292,"type":"binary-expr","locations":[{"start":{"line":292,"column":12},"end":{"line":292,"column":50},"skip":true},{"start":{"line":293,"column":12},"end":{"line":293,"column":53},"skip":true}]},"23":{"line":297,"type":"binary-expr","locations":[{"start":{"line":297,"column":12},"end":{"line":297,"column":72},"skip":true},{"start":{"line":298,"column":12},"end":{"line":301,"column":36},"skip":true}]},"24":{"line":303,"type":"binary-expr","locations":[{"start":{"line":303,"column":43},"end":{"line":303,"column":75},"skip":true},{"start":{"line":303,"column":79},"end":{"line":303,"column":81},"skip":true}]},"25":{"line":306,"type":"if","locations":[{"start":{"line":306,"column":8},"end":{"line":306,"column":8},"skip":true},{"start":{"line":306,"column":8},"end":{"line":306,"column":8},"skip":true}]},"26":{"line":310,"type":"if","locations":[{"start":{"line":310,"column":8},"end":{"line":310,"column":8},"skip":true},{"start":{"line":310,"column":8},"end":{"line":310,"column":8},"skip":true}]},"27":{"line":313,"type":"binary-expr","locations":[{"start":{"line":313,"column":27},"end":{"line":313,"column":43},"skip":true},{"start":{"line":313,"column":47},"end":{"line":313,"column":53},"skip":true}]},"28":{"line":317,"type":"if","locations":[{"start":{"line":317,"column":12},"end":{"line":317,"column":12},"skip":true},{"start":{"line":317,"column":12},"end":{"line":317,"column":12},"skip":true}]}},"code":["/*","example.js","","quickstart example","","instruction","    1. save this script as example.js","    2. run the shell command:","        $ npm install npmtest-lodash.isequal && PORT=8081 node example.js","    3. play with the browser-demo on http://127.0.0.1:8081","*/","","","","/* istanbul instrument in package npmtest_lodash_isequal */","/*jslint","    bitwise: true,","    browser: true,","    maxerr: 8,","    maxlen: 96,","    node: true,","    nomen: true,","    regexp: true,","    stupid: true","*/","(function () {","    'use strict';","    var local;","","","","    // run shared js-env code - pre-init","    (function () {","        // init local","        local = {};","        // init modeJs","        local.modeJs = (function () {","            try {","                return typeof navigator.userAgent === 'string' &&","                    typeof document.querySelector('body') === 'object' &&","                    typeof XMLHttpRequest.prototype.open === 'function' &&","                    'browser';","            } catch (errorCaughtBrowser) {","                return module.exports &&","                    typeof process.versions.node === 'string' &&","                    typeof require('http').createServer === 'function' &&","                    'node';","            }","        }());","        // init global","        local.global = local.modeJs === 'browser'","            ? window","            : global;","        // init utility2_rollup","        local = local.global.utility2_rollup || (local.modeJs === 'browser'","            ? local.global.utility2_npmtest_lodash_isequal","            : global.utility2_moduleExports);","        // export local","        local.global.local = local;","    }());","    switch (local.modeJs) {","","","","    // post-init","    // run browser js-env code - post-init","    /* istanbul ignore next */","    case 'browser':","        local.testRunBrowser = function (event) {","            if (!event || (event &&","                    event.currentTarget &&","                    event.currentTarget.className &&","                    event.currentTarget.className.includes &&","                    event.currentTarget.className.includes('onreset'))) {","                // reset output","                Array.from(","                    document.querySelectorAll('body > .resettable')","                ).forEach(function (element) {","                    switch (element.tagName) {","                    case 'INPUT':","                    case 'TEXTAREA':","                        element.value = '';","                        break;","                    default:","                        element.textContent = '';","                    }","                });","            }","            switch (event && event.currentTarget && event.currentTarget.id) {","            case 'testRunButton1':","                // show tests","                if (document.querySelector('#testReportDiv1').style.display === 'none') {","                    document.querySelector('#testReportDiv1').style.display = 'block';","                    document.querySelector('#testRunButton1').textContent =","                        'hide internal test';","                    local.modeTest = true;","                    local.testRunDefault(local);","                // hide tests","                } else {","                    document.querySelector('#testReportDiv1').style.display = 'none';","                    document.querySelector('#testRunButton1').textContent = 'run internal test';","                }","                break;","            // custom-case","            default:","                break;","            }","            if (document.querySelector('#inputTextareaEval1') && (!event || (event &&","                    event.currentTarget &&","                    event.currentTarget.className &&","                    event.currentTarget.className.includes &&","                    event.currentTarget.className.includes('oneval')))) {","                // try to eval input-code","                try {","                    /*jslint evil: true*/","                    eval(document.querySelector('#inputTextareaEval1').value);","                } catch (errorCaught) {","                    console.error(errorCaught);","                }","            }","        };","        // log stderr and stdout to #outputTextareaStdout1","        ['error', 'log'].forEach(function (key) {","            console[key + '_original'] = console[key];","            console[key] = function () {","                var element;","                console[key + '_original'].apply(console, arguments);","                element = document.querySelector('#outputTextareaStdout1');","                if (!element) {","                    return;","                }","                // append text to #outputTextareaStdout1","                element.value += Array.from(arguments).map(function (arg) {","                    return typeof arg === 'string'","                        ? arg","                        : JSON.stringify(arg, null, 4);","                }).join(' ') + '\\n';","                // scroll textarea to bottom","                element.scrollTop = element.scrollHeight;","            };","        });","        // init event-handling","        ['change', 'click', 'keyup'].forEach(function (event) {","            Array.from(document.querySelectorAll('.on' + event)).forEach(function (element) {","                element.addEventListener(event, local.testRunBrowser);","            });","        });","        // run tests","        local.testRunBrowser();","        break;","","","","    // run node js-env code - post-init","    /* istanbul ignore next */","    case 'node':","        // export local","        module.exports = local;","        // require modules","        local.fs = require('fs');","        local.http = require('http');","        local.url = require('url');","        // init assets","        local.assetsDict = local.assetsDict || {};","        /* jslint-ignore-begin */","        local.assetsDict['/assets.index.template.html'] = '\\","<!doctype html>\\n\\","<html lang=\"en\">\\n\\","<head>\\n\\","<meta charset=\"UTF-8\">\\n\\","<meta name=\"viewport\" content=\"width=device-width, initial-scale=1\">\\n\\","<title>{{env.npm_package_name}} (v{{env.npm_package_version}})</title>\\n\\","<style>\\n\\","/*csslint\\n\\","    box-sizing: false,\\n\\","    universal-selector: false\\n\\","*/\\n\\","* {\\n\\","    box-sizing: border-box;\\n\\","}\\n\\","body {\\n\\","    background: #dde;\\n\\","    font-family: Arial, Helvetica, sans-serif;\\n\\","    margin: 2rem;\\n\\","}\\n\\","body > * {\\n\\","    margin-bottom: 1rem;\\n\\","}\\n\\",".utility2FooterDiv {\\n\\","    margin-top: 20px;\\n\\","    text-align: center;\\n\\","}\\n\\","</style>\\n\\","<style>\\n\\","/*csslint\\n\\","*/\\n\\","textarea {\\n\\","    font-family: monospace;\\n\\","    height: 10rem;\\n\\","    width: 100%;\\n\\","}\\n\\","textarea[readonly] {\\n\\","    background: #ddd;\\n\\","}\\n\\","</style>\\n\\","</head>\\n\\","<body>\\n\\","<!-- utility2-comment\\n\\","<div id=\"ajaxProgressDiv1\" style=\"background: #d00; height: 2px; left: 0; margin: 0; padding: 0; position: fixed; top: 0; transition: background 0.5s, width 1.5s; width: 25%;\"></div>\\n\\","utility2-comment -->\\n\\","<h1>\\n\\","<!-- utility2-comment\\n\\","    <a\\n\\","        {{#if env.npm_package_homepage}}\\n\\","        href=\"{{env.npm_package_homepage}}\"\\n\\","        {{/if env.npm_package_homepage}}\\n\\","        target=\"_blank\"\\n\\","    >\\n\\","utility2-comment -->\\n\\","        {{env.npm_package_name}} (v{{env.npm_package_version}})\\n\\","<!-- utility2-comment\\n\\","    </a>\\n\\","utility2-comment -->\\n\\","</h1>\\n\\","<h3>{{env.npm_package_description}}</h3>\\n\\","<!-- utility2-comment\\n\\","<h4><a download href=\"assets.app.js\">download standalone app</a></h4>\\n\\","<button class=\"onclick onreset\" id=\"testRunButton1\">run internal test</button><br>\\n\\","<div id=\"testReportDiv1\" style=\"display: none;\"></div>\\n\\","utility2-comment -->\\n\\","\\n\\","\\n\\","\\n\\","<label>stderr and stdout</label>\\n\\","<textarea class=\"resettable\" id=\"outputTextareaStdout1\" readonly></textarea>\\n\\","<!-- utility2-comment\\n\\","{{#if isRollup}}\\n\\","<script src=\"assets.app.js\"></script>\\n\\","{{#unless isRollup}}\\n\\","utility2-comment -->\\n\\","<script src=\"assets.utility2.rollup.js\"></script>\\n\\","<script src=\"jsonp.utility2._stateInit?callback=window.utility2._stateInit\"></script>\\n\\","<script src=\"assets.npmtest_lodash_isequal.rollup.js\"></script>\\n\\","<script src=\"assets.example.js\"></script>\\n\\","<script src=\"assets.test.js\"></script>\\n\\","<!-- utility2-comment\\n\\","{{/if isRollup}}\\n\\","utility2-comment -->\\n\\","<div class=\"utility2FooterDiv\">\\n\\","    [ this app was created with\\n\\","    <a href=\"https://github.com/kaizhu256/node-utility2\" target=\"_blank\">utility2</a>\\n\\","    ]\\n\\","</div>\\n\\","</body>\\n\\","</html>\\n\\","';","        /* jslint-ignore-end */","        if (local.templateRender) {","            local.assetsDict['/'] = local.templateRender(","                local.assetsDict['/assets.index.template.html'],","                {","                    env: local.objectSetDefault(local.env, {","                        npm_package_description: 'the greatest app in the world!',","                        npm_package_name: 'my-app',","                        npm_package_nameAlias: 'my_app',","                        npm_package_version: '0.0.1'","                    })","                }","            );","        } else {","            local.assetsDict['/'] = local.assetsDict['/assets.index.template.html']","                .replace((/\\{\\{env\\.(\\w+?)\\}\\}/g), function (match0, match1) {","                    // jslint-hack","                    String(match0);","                    switch (match1) {","                    case 'npm_package_description':","                        return 'the greatest app in the world!';","                    case 'npm_package_name':","                        return 'my-app';","                    case 'npm_package_nameAlias':","                        return 'my_app';","                    case 'npm_package_version':","                        return '0.0.1';","                    }","                });","        }","        // run the cli","        if (local.global.utility2_rollup || module !== require.main) {","            break;","        }","        local.assetsDict['/assets.example.js'] =","            local.assetsDict['/assets.example.js'] ||","            local.fs.readFileSync(__filename, 'utf8');","        // bug-workaround - long $npm_package_buildCustomOrg","        /* jslint-ignore-begin */","        local.assetsDict['/assets.npmtest_lodash_isequal.rollup.js'] =","            local.assetsDict['/assets.npmtest_lodash_isequal.rollup.js'] ||","            local.fs.readFileSync(","                local.npmtest_lodash_isequal.__dirname + '/lib.npmtest_lodash_isequal.js',","                'utf8'","            ).replace((/^#!/), '//');","        /* jslint-ignore-end */","        local.assetsDict['/favicon.ico'] = local.assetsDict['/favicon.ico'] || '';","        // if $npm_config_timeout_exit exists,","        // then exit this process after $npm_config_timeout_exit ms","        if (Number(process.env.npm_config_timeout_exit)) {","            setTimeout(process.exit, Number(process.env.npm_config_timeout_exit));","        }","        // start server","        if (local.global.utility2_serverHttp1) {","            break;","        }","        process.env.PORT = process.env.PORT || '8081';","        console.error('server starting on port ' + process.env.PORT);","        local.http.createServer(function (request, response) {","            request.urlParsed = local.url.parse(request.url);","            if (local.assetsDict[request.urlParsed.pathname] !== undefined) {","                response.end(local.assetsDict[request.urlParsed.pathname]);","                return;","            }","            response.statusCode = 404;","            response.end();","        }).listen(process.env.PORT);","        break;","    }","}());",""],"l":{"26":2,"28":2,"33":2,"35":2,"37":2,"38":2,"39":2,"44":1,"51":2,"55":2,"59":2,"61":2,"69":1,"70":2,"76":2,"79":2,"82":2,"83":2,"85":1,"89":2,"92":1,"93":1,"94":1,"96":1,"97":1,"100":1,"101":1,"103":1,"106":1,"108":2,"114":1,"116":1,"118":1,"123":1,"124":2,"125":2,"126":3,"127":3,"128":3,"129":3,"130":1,"133":3,"134":3,"139":3,"143":1,"144":3,"145":1,"149":1,"150":1,"158":1,"160":1,"161":1,"162":1,"164":1,"166":1,"258":1,"259":1,"271":1,"274":6,"275":6,"277":1,"279":2,"281":1,"283":2,"288":1,"289":1,"291":1,"296":1,"303":1,"306":1,"307":1,"310":1,"311":1,"313":1,"314":1,"315":1,"316":1,"317":1,"318":1,"319":1,"321":1,"322":1,"324":1}},"/home/travis/build/npmtest/node-npmtest-lodash.isequal/node_modules/lodash.isequal/index.js":{"path":"/home/travis/build/npmtest/node-npmtest-lodash.isequal/node_modules/lodash.isequal/index.js","s":{"1":1,"2":1,"3":1,"4":1,"5":1,"6":1,"7":1,"8":1,"9":1,"10":1,"11":1,"12":1,"13":1,"14":1,"15":1,"16":1,"17":1,"18":1,"19":1,"20":1,"21":1,"22":1,"23":1,"24":1,"25":0,"26":0,"27":0,"28":0,"29":0,"30":0,"31":1,"32":0,"33":0,"34":0,"35":0,"36":1,"37":0,"38":0,"39":0,"40":0,"41":0,"42":1,"43":0,"44":0,"45":0,"46":0,"47":1,"48":1,"49":0,"50":1,"51":0,"52":1,"53":6,"54":1,"55":0,"56":0,"57":0,"58":0,"59":1,"60":1,"61":0,"62":1,"63":0,"64":0,"65":0,"66":0,"67":1,"68":1,"69":1,"70":1,"71":1,"72":1,"73":1,"74":1,"75":1,"76":1,"77":1,"78":1,"79":1,"80":1,"81":1,"82":0,"83":0,"84":0,"85":0,"86":0,"87":1,"88":0,"89":0,"90":1,"91":0,"92":0,"93":0,"94":1,"95":0,"96":0,"97":0,"98":0,"99":0,"100":1,"101":0,"102":0,"103":1,"104":0,"105":0,"106":0,"107":0,"108":1,"109":1,"110":1,"111":1,"112":1,"113":1,"114":0,"115":0,"116":0,"117":0,"118":0,"119":1,"120":0,"121":0,"122":1,"123":0,"124":0,"125":0,"126":0,"127":0,"128":0,"129":0,"130":0,"131":0,"132":1,"133":0,"134":0,"135":1,"136":0,"137":1,"138":0,"139":0,"140":0,"141":0,"142":0,"143":0,"144":1,"145":1,"146":1,"147":1,"148":1,"149":1,"150":0,"151":0,"152":0,"153":0,"154":0,"155":1,"156":0,"157":0,"158":1,"159":0,"160":0,"161":0,"162":1,"163":0,"164":1,"165":0,"166":1,"167":0,"168":0,"169":0,"170":0,"171":1,"172":1,"173":1,"174":1,"175":1,"176":1,"177":0,"178":0,"179":0,"180":0,"181":1,"182":0,"183":0,"184":1,"185":0,"186":1,"187":1,"188":1,"189":0,"190":0,"191":1,"192":0,"193":0,"194":1,"195":0,"196":0,"197":0,"198":1,"199":0,"200":1,"201":0,"202":1,"203":0,"204":0,"205":0,"206":0,"207":0,"208":0,"209":0,"210":0,"211":0,"212":0,"213":0,"214":1,"215":1,"216":1,"217":1,"218":1,"219":1,"220":0,"221":0,"222":0,"223":0,"224":0,"225":1,"226":0,"227":0,"228":0,"229":0,"230":0,"231":1,"232":0,"233":0,"234":1,"235":12,"236":0,"237":12,"238":1,"239":1,"240":1,"241":0,"242":0,"243":0,"244":0,"245":0,"246":1,"247":0,"248":0,"249":0,"250":0,"251":0,"252":0,"253":0,"254":0,"255":0,"256":0,"257":0,"258":0,"259":0,"260":0,"261":0,"262":0,"263":0,"264":0,"265":0,"266":0,"267":0,"268":0,"269":1,"270":6,"271":0,"272":6,"273":6,"274":1,"275":0,"276":1,"277":0,"278":0,"279":0,"280":0,"281":0,"282":0,"283":0,"284":1,"285":0,"286":0,"287":0,"288":0,"289":0,"290":0,"291":0,"292":0,"293":0,"294":0,"295":0,"296":0,"297":0,"298":0,"299":0,"300":0,"301":0,"302":0,"303":0,"304":0,"305":0,"306":0,"307":0,"308":0,"309":0,"310":0,"311":0,"312":0,"313":0,"314":0,"315":1,"316":0,"317":0,"318":0,"319":0,"320":0,"321":0,"322":0,"323":0,"324":0,"325":0,"326":0,"327":0,"328":0,"329":0,"330":0,"331":0,"332":0,"333":0,"334":0,"335":0,"336":0,"337":0,"338":0,"339":0,"340":0,"341":0,"342":0,"343":1,"344":0,"345":0,"346":0,"347":0,"348":0,"349":0,"350":0,"351":0,"352":0,"353":0,"354":0,"355":0,"356":0,"357":0,"358":0,"359":0,"360":0,"361":0,"362":0,"363":0,"364":0,"365":0,"366":0,"367":0,"368":0,"369":0,"370":0,"371":0,"372":0,"373":0,"374":0,"375":1,"376":0,"377":1,"378":0,"379":0,"380":1,"381":6,"382":6,"383":1,"384":5,"385":5,"386":5,"387":5,"388":5,"389":5,"390":5,"391":0,"392":5,"393":5,"394":1,"395":0,"396":0,"397":0,"398":0,"399":0,"400":1,"401":1,"402":0,"403":0,"404":0,"405":0,"406":0,"407":0,"408":0,"409":0,"410":0,"411":0,"412":1,"413":0,"414":0,"415":1,"416":0,"417":0,"418":1,"419":6,"420":1,"421":0,"422":0,"423":1,"424":7,"425":1,"426":11,"427":11,"428":11,"429":0,"430":0,"431":0,"432":1,"433":0,"434":1,"435":1,"436":0,"437":1,"438":1,"439":0,"440":1,"441":1,"442":0,"443":1,"444":6,"445":0,"446":6,"447":6,"448":1,"449":0,"450":1,"451":12,"452":12,"453":1,"454":1,"455":1,"456":1,"457":0,"458":1,"459":0,"460":1,"461":0,"462":1},"b":{"1":[1,1,1,1],"2":[1,0,0,0],"3":[1,0,0],"4":[1,1,1,1],"5":[1,1,1,1,1],"6":[1,1],"7":[1,1],"8":[1,1,1],"9":[1,1],"10":[0,0],"11":[0,0],"12":[0,0],"13":[0,0],"14":[0,6],"15":[1,0,0,1],"16":[0,1],"17":[1,0],"18":[1,0],"19":[1,0],"20":[1,0],"21":[1,0],"22":[0,0],"23":[0,0],"24":[0,0],"25":[0,0],"26":[0,0],"27":[0,0],"28":[0,0],"29":[0,0],"30":[0,0],"31":[0,0],"32":[0,0],"33":[0,0],"34":[0,0],"35":[0,0],"36":[0,0],"37":[0,0],"38":[0,0],"39":[0,0],"40":[0,0],"41":[0,0],"42":[0,0],"43":[0,0],"44":[0,0],"45":[0,0],"46":[0,0],"47":[0,0,0],"48":[0,0,0,0],"49":[0,0,0,0],"50":[0,0],"51":[0,0],"52":[0,0,0],"53":[0,0,0,0,0,0,0,0,0,0],"54":[0,0],"55":[0,0],"56":[0,12],"57":[0,0],"58":[5,7],"59":[12,12],"60":[1,1],"61":[0,0],"62":[0,0],"63":[0,0,0,0],"64":[0,0],"65":[0,0],"66":[0,0],"67":[0,0],"68":[0,0],"69":[0,0],"70":[0,0],"71":[0,0],"72":[0,0],"73":[0,0],"74":[0,0],"75":[0,0],"76":[0,0],"77":[0,0],"78":[0,0],"79":[0,0],"80":[0,0],"81":[0,0],"82":[0,0],"83":[0,0],"84":[0,0],"85":[0,0],"86":[0,0],"87":[0,6],"88":[6,6],"89":[6,0],"90":[0,0,0],"91":[0,0],"92":[0,0],"93":[0,0],"94":[0,0],"95":[0,0],"96":[0,0],"97":[0,0],"98":[0,0],"99":[0,0],"100":[0,0],"101":[0,0],"102":[0,0],"103":[0,0],"104":[0,0],"105":[0,0],"106":[0,0],"107":[0,0,0],"108":[0,0],"109":[0,0],"110":[0,0,0,0,0,0,0,0,0,0,0],"111":[0,0],"112":[0,0],"113":[0,0],"114":[0,0],"115":[0,0],"116":[0,0],"117":[0,0],"118":[0,0],"119":[0,0],"120":[0,0],"121":[0,0],"122":[0,0],"123":[0,0],"124":[0,0],"125":[0,0],"126":[0,0],"127":[0,0],"128":[0,0],"129":[0,0],"130":[0,0],"131":[0,0],"132":[0,0],"133":[0,0],"134":[0,0],"135":[0,0],"136":[0,0,0,0],"137":[0,0,0,0],"138":[0,0],"139":[0,0],"140":[6,0],"141":[5,0],"142":[0,5],"143":[0,1],"144":[0,0],"145":[0,1],"146":[1,1,1,1,1,1,1,1,1,1],"147":[0,0],"148":[0,0],"149":[0,0],"150":[0,0,0,0,0],"151":[0,0],"152":[0,0,0,0,0,0],"153":[0,0],"154":[0,0,0,0],"155":[6,0],"156":[0,0],"157":[0,0,0],"158":[11,0],"159":[0,0,0],"160":[1,0],"161":[0,0,0],"162":[0,0,0],"163":[1,0],"164":[0,6],"165":[6,0,0,0],"166":[0,0,0,0],"167":[12,12,12],"168":[1,1],"169":[1,0],"170":[0,0]},"f":{"1":1,"2":0,"3":0,"4":0,"5":0,"6":1,"7":0,"8":0,"9":6,"10":0,"11":0,"12":1,"13":0,"14":0,"15":0,"16":1,"17":0,"18":0,"19":0,"20":0,"21":0,"22":0,"23":0,"24":0,"25":0,"26":0,"27":0,"28":0,"29":0,"30":0,"31":0,"32":0,"33":0,"34":0,"35":0,"36":0,"37":0,"38":0,"39":0,"40":0,"41":0,"42":0,"43":0,"44":0,"45":0,"46":0,"47":12,"48":1,"49":0,"50":0,"51":6,"52":0,"53":0,"54":0,"55":0,"56":0,"57":0,"58":0,"59":0,"60":6,"61":5,"62":0,"63":0,"64":0,"65":0,"66":0,"67":6,"68":0,"69":7,"70":11,"71":0,"72":1,"73":0,"74":0,"75":0,"76":6,"77":0,"78":12,"79":1,"80":0,"81":0,"82":0},"fnMap":{"1":{"name":"(anonymous_1)","line":107,"loc":{"start":{"line":107,"column":16},"end":{"line":107,"column":27}}},"2":{"name":"arrayFilter","line":125,"loc":{"start":{"line":125,"column":0},"end":{"line":125,"column":39}}},"3":{"name":"arrayPush","line":148,"loc":{"start":{"line":148,"column":0},"end":{"line":148,"column":34}}},"4":{"name":"arraySome","line":169,"loc":{"start":{"line":169,"column":0},"end":{"line":169,"column":37}}},"5":{"name":"baseTimes","line":190,"loc":{"start":{"line":190,"column":0},"end":{"line":190,"column":32}}},"6":{"name":"baseUnary","line":207,"loc":{"start":{"line":207,"column":0},"end":{"line":207,"column":25}}},"7":{"name":"(anonymous_7)","line":208,"loc":{"start":{"line":208,"column":9},"end":{"line":208,"column":25}}},"8":{"name":"cacheHas","line":221,"loc":{"start":{"line":221,"column":0},"end":{"line":221,"column":30}}},"9":{"name":"getValue","line":233,"loc":{"start":{"line":233,"column":0},"end":{"line":233,"column":31}}},"10":{"name":"mapToArray","line":244,"loc":{"start":{"line":244,"column":0},"end":{"line":244,"column":25}}},"11":{"name":"(anonymous_11)","line":248,"loc":{"start":{"line":248,"column":14},"end":{"line":248,"column":35}}},"12":{"name":"overArg","line":262,"loc":{"start":{"line":262,"column":0},"end":{"line":262,"column":34}}},"13":{"name":"(anonymous_13)","line":263,"loc":{"start":{"line":263,"column":9},"end":{"line":263,"column":23}}},"14":{"name":"setToArray","line":275,"loc":{"start":{"line":275,"column":0},"end":{"line":275,"column":25}}},"15":{"name":"(anonymous_15)","line":279,"loc":{"start":{"line":279,"column":14},"end":{"line":279,"column":30}}},"16":{"name":"(anonymous_16)","line":300,"loc":{"start":{"line":300,"column":18},"end":{"line":300,"column":29}}},"17":{"name":"Hash","line":357,"loc":{"start":{"line":357,"column":0},"end":{"line":357,"column":23}}},"18":{"name":"hashClear","line":375,"loc":{"start":{"line":375,"column":0},"end":{"line":375,"column":21}}},"19":{"name":"hashDelete","line":390,"loc":{"start":{"line":390,"column":0},"end":{"line":390,"column":25}}},"20":{"name":"hashGet","line":405,"loc":{"start":{"line":405,"column":0},"end":{"line":405,"column":22}}},"21":{"name":"hashHas","line":423,"loc":{"start":{"line":423,"column":0},"end":{"line":423,"column":22}}},"22":{"name":"hashSet","line":438,"loc":{"start":{"line":438,"column":0},"end":{"line":438,"column":29}}},"23":{"name":"ListCache","line":459,"loc":{"start":{"line":459,"column":0},"end":{"line":459,"column":28}}},"24":{"name":"listCacheClear","line":477,"loc":{"start":{"line":477,"column":0},"end":{"line":477,"column":26}}},"25":{"name":"listCacheDelete","line":491,"loc":{"start":{"line":491,"column":0},"end":{"line":491,"column":30}}},"26":{"name":"listCacheGet","line":517,"loc":{"start":{"line":517,"column":0},"end":{"line":517,"column":27}}},"27":{"name":"listCacheHas","line":533,"loc":{"start":{"line":533,"column":0},"end":{"line":533,"column":27}}},"28":{"name":"listCacheSet","line":547,"loc":{"start":{"line":547,"column":0},"end":{"line":547,"column":34}}},"29":{"name":"MapCache","line":574,"loc":{"start":{"line":574,"column":0},"end":{"line":574,"column":27}}},"30":{"name":"mapCacheClear","line":592,"loc":{"start":{"line":592,"column":0},"end":{"line":592,"column":25}}},"31":{"name":"mapCacheDelete","line":610,"loc":{"start":{"line":610,"column":0},"end":{"line":610,"column":29}}},"32":{"name":"mapCacheGet","line":625,"loc":{"start":{"line":625,"column":0},"end":{"line":625,"column":26}}},"33":{"name":"mapCacheHas","line":638,"loc":{"start":{"line":638,"column":0},"end":{"line":638,"column":26}}},"34":{"name":"mapCacheSet","line":652,"loc":{"start":{"line":652,"column":0},"end":{"line":652,"column":33}}},"35":{"name":"SetCache","line":676,"loc":{"start":{"line":676,"column":0},"end":{"line":676,"column":26}}},"36":{"name":"setCacheAdd","line":696,"loc":{"start":{"line":696,"column":0},"end":{"line":696,"column":28}}},"37":{"name":"setCacheHas","line":710,"loc":{"start":{"line":710,"column":0},"end":{"line":710,"column":28}}},"38":{"name":"Stack","line":725,"loc":{"start":{"line":725,"column":0},"end":{"line":725,"column":24}}},"39":{"name":"stackClear","line":737,"loc":{"start":{"line":737,"column":0},"end":{"line":737,"column":22}}},"40":{"name":"stackDelete","line":751,"loc":{"start":{"line":751,"column":0},"end":{"line":751,"column":26}}},"41":{"name":"stackGet","line":768,"loc":{"start":{"line":768,"column":0},"end":{"line":768,"column":23}}},"42":{"name":"stackHas","line":781,"loc":{"start":{"line":781,"column":0},"end":{"line":781,"column":23}}},"43":{"name":"stackSet","line":795,"loc":{"start":{"line":795,"column":0},"end":{"line":795,"column":30}}},"44":{"name":"arrayLikeKeys","line":826,"loc":{"start":{"line":826,"column":0},"end":{"line":826,"column":41}}},"45":{"name":"assocIndexOf","line":861,"loc":{"start":{"line":861,"column":0},"end":{"line":861,"column":34}}},"46":{"name":"baseGetAllKeys","line":882,"loc":{"start":{"line":882,"column":0},"end":{"line":882,"column":55}}},"47":{"name":"baseGetTag","line":894,"loc":{"start":{"line":894,"column":0},"end":{"line":894,"column":27}}},"48":{"name":"baseIsArguments","line":910,"loc":{"start":{"line":910,"column":0},"end":{"line":910,"column":32}}},"49":{"name":"baseIsEqual","line":928,"loc":{"start":{"line":928,"column":0},"end":{"line":928,"column":63}}},"50":{"name":"baseIsEqualDeep","line":952,"loc":{"start":{"line":952,"column":0},"end":{"line":952,"column":79}}},"51":{"name":"baseIsNative","line":1005,"loc":{"start":{"line":1005,"column":0},"end":{"line":1005,"column":29}}},"52":{"name":"baseIsTypedArray","line":1020,"loc":{"start":{"line":1020,"column":0},"end":{"line":1020,"column":33}}},"53":{"name":"baseKeys","line":1032,"loc":{"start":{"line":1032,"column":0},"end":{"line":1032,"column":26}}},"54":{"name":"equalArrays","line":1058,"loc":{"start":{"line":1058,"column":0},"end":{"line":1058,"column":74}}},"55":{"name":"(anonymous_55)","line":1097,"loc":{"start":{"line":1097,"column":28},"end":{"line":1097,"column":57}}},"56":{"name":"equalByTag","line":1136,"loc":{"start":{"line":1136,"column":0},"end":{"line":1136,"column":79}}},"57":{"name":"equalObjects","line":1214,"loc":{"start":{"line":1214,"column":0},"end":{"line":1214,"column":76}}},"58":{"name":"getAllKeys","line":1285,"loc":{"start":{"line":1285,"column":0},"end":{"line":1285,"column":28}}},"59":{"name":"getMapData","line":1297,"loc":{"start":{"line":1297,"column":0},"end":{"line":1297,"column":30}}},"60":{"name":"getNative","line":1312,"loc":{"start":{"line":1312,"column":0},"end":{"line":1312,"column":32}}},"61":{"name":"getRawTag","line":1324,"loc":{"start":{"line":1324,"column":0},"end":{"line":1324,"column":26}}},"62":{"name":"(anonymous_62)","line":1351,"loc":{"start":{"line":1351,"column":49},"end":{"line":1351,"column":66}}},"63":{"name":"(anonymous_63)","line":1356,"loc":{"start":{"line":1356,"column":47},"end":{"line":1356,"column":64}}},"64":{"name":"(anonymous_64)","line":1376,"loc":{"start":{"line":1376,"column":11},"end":{"line":1376,"column":27}}},"65":{"name":"isIndex","line":1402,"loc":{"start":{"line":1402,"column":0},"end":{"line":1402,"column":32}}},"66":{"name":"isKeyable","line":1416,"loc":{"start":{"line":1416,"column":0},"end":{"line":1416,"column":26}}},"67":{"name":"isMasked","line":1430,"loc":{"start":{"line":1430,"column":0},"end":{"line":1430,"column":24}}},"68":{"name":"isPrototype","line":1441,"loc":{"start":{"line":1441,"column":0},"end":{"line":1441,"column":28}}},"69":{"name":"objectToString","line":1455,"loc":{"start":{"line":1455,"column":0},"end":{"line":1455,"column":31}}},"70":{"name":"toSource","line":1466,"loc":{"start":{"line":1466,"column":0},"end":{"line":1466,"column":24}}},"71":{"name":"eq","line":1510,"loc":{"start":{"line":1510,"column":0},"end":{"line":1510,"column":26}}},"72":{"name":"(anonymous_72)","line":1532,"loc":{"start":{"line":1532,"column":34},"end":{"line":1532,"column":45}}},"73":{"name":"(anonymous_73)","line":1532,"loc":{"start":{"line":1532,"column":90},"end":{"line":1532,"column":106}}},"74":{"name":"isArrayLike","line":1587,"loc":{"start":{"line":1587,"column":0},"end":{"line":1587,"column":28}}},"75":{"name":"isEqual","line":1638,"loc":{"start":{"line":1638,"column":0},"end":{"line":1638,"column":31}}},"76":{"name":"isFunction","line":1659,"loc":{"start":{"line":1659,"column":0},"end":{"line":1659,"column":27}}},"77":{"name":"isLength","line":1695,"loc":{"start":{"line":1695,"column":0},"end":{"line":1695,"column":25}}},"78":{"name":"isObject","line":1725,"loc":{"start":{"line":1725,"column":0},"end":{"line":1725,"column":25}}},"79":{"name":"isObjectLike","line":1754,"loc":{"start":{"line":1754,"column":0},"end":{"line":1754,"column":29}}},"80":{"name":"keys","line":1805,"loc":{"start":{"line":1805,"column":0},"end":{"line":1805,"column":22}}},"81":{"name":"stubArray","line":1827,"loc":{"start":{"line":1827,"column":0},"end":{"line":1827,"column":21}}},"82":{"name":"stubFalse","line":1844,"loc":{"start":{"line":1844,"column":0},"end":{"line":1844,"column":21}}}},"statementMap":{"1":{"start":{"line":11,"column":0},"end":{"line":11,"column":27}},"2":{"start":{"line":14,"column":0},"end":{"line":14,"column":49}},"3":{"start":{"line":17,"column":0},"end":{"line":18,"column":31}},"4":{"start":{"line":21,"column":0},"end":{"line":21,"column":40}},"5":{"start":{"line":24,"column":0},"end":{"line":43,"column":36}},"6":{"start":{"line":45,"column":0},"end":{"line":55,"column":39}},"7":{"start":{"line":61,"column":0},"end":{"line":61,"column":41}},"8":{"start":{"line":64,"column":0},"end":{"line":64,"column":49}},"9":{"start":{"line":67,"column":0},"end":{"line":67,"column":34}},"10":{"start":{"line":70,"column":0},"end":{"line":70,"column":24}},"11":{"start":{"line":71,"column":0},"end":{"line":75,"column":33}},"12":{"start":{"line":76,"column":0},"end":{"line":83,"column":35}},"13":{"start":{"line":86,"column":0},"end":{"line":86,"column":91}},"14":{"start":{"line":89,"column":0},"end":{"line":89,"column":81}},"15":{"start":{"line":92,"column":0},"end":{"line":92,"column":63}},"16":{"start":{"line":95,"column":0},"end":{"line":95,"column":88}},"17":{"start":{"line":98,"column":0},"end":{"line":98,"column":98}},"18":{"start":{"line":101,"column":0},"end":{"line":101,"column":69}},"19":{"start":{"line":104,"column":0},"end":{"line":104,"column":54}},"20":{"start":{"line":107,"column":0},"end":{"line":111,"column":5}},"21":{"start":{"line":108,"column":2},"end":{"line":110,"column":16}},"22":{"start":{"line":109,"column":4},"end":{"line":109,"column":77}},"23":{"start":{"line":114,"column":0},"end":{"line":114,"column":57}},"24":{"start":{"line":125,"column":0},"end":{"line":138,"column":1}},"25":{"start":{"line":126,"column":2},"end":{"line":129,"column":18}},"26":{"start":{"line":131,"column":2},"end":{"line":136,"column":3}},"27":{"start":{"line":132,"column":4},"end":{"line":132,"column":29}},"28":{"start":{"line":133,"column":4},"end":{"line":135,"column":5}},"29":{"start":{"line":134,"column":6},"end":{"line":134,"column":33}},"30":{"start":{"line":137,"column":2},"end":{"line":137,"column":16}},"31":{"start":{"line":148,"column":0},"end":{"line":157,"column":1}},"32":{"start":{"line":149,"column":2},"end":{"line":151,"column":28}},"33":{"start":{"line":153,"column":2},"end":{"line":155,"column":3}},"34":{"start":{"line":154,"column":4},"end":{"line":154,"column":42}},"35":{"start":{"line":156,"column":2},"end":{"line":156,"column":15}},"36":{"start":{"line":169,"column":0},"end":{"line":179,"column":1}},"37":{"start":{"line":170,"column":2},"end":{"line":171,"column":48}},"38":{"start":{"line":173,"column":2},"end":{"line":177,"column":3}},"39":{"start":{"line":174,"column":4},"end":{"line":176,"column":5}},"40":{"start":{"line":175,"column":6},"end":{"line":175,"column":18}},"41":{"start":{"line":178,"column":2},"end":{"line":178,"column":15}},"42":{"start":{"line":190,"column":0},"end":{"line":198,"column":1}},"43":{"start":{"line":191,"column":2},"end":{"line":192,"column":24}},"44":{"start":{"line":194,"column":2},"end":{"line":196,"column":3}},"45":{"start":{"line":195,"column":4},"end":{"line":195,"column":36}},"46":{"start":{"line":197,"column":2},"end":{"line":197,"column":16}},"47":{"start":{"line":207,"column":0},"end":{"line":211,"column":1}},"48":{"start":{"line":208,"column":2},"end":{"line":210,"column":4}},"49":{"start":{"line":209,"column":4},"end":{"line":209,"column":23}},"50":{"start":{"line":221,"column":0},"end":{"line":223,"column":1}},"51":{"start":{"line":222,"column":2},"end":{"line":222,"column":24}},"52":{"start":{"line":233,"column":0},"end":{"line":235,"column":1}},"53":{"start":{"line":234,"column":2},"end":{"line":234,"column":50}},"54":{"start":{"line":244,"column":0},"end":{"line":252,"column":1}},"55":{"start":{"line":245,"column":2},"end":{"line":246,"column":31}},"56":{"start":{"line":248,"column":2},"end":{"line":250,"column":5}},"57":{"start":{"line":249,"column":4},"end":{"line":249,"column":35}},"58":{"start":{"line":251,"column":2},"end":{"line":251,"column":16}},"59":{"start":{"line":262,"column":0},"end":{"line":266,"column":1}},"60":{"start":{"line":263,"column":2},"end":{"line":265,"column":4}},"61":{"start":{"line":264,"column":4},"end":{"line":264,"column":32}},"62":{"start":{"line":275,"column":0},"end":{"line":283,"column":1}},"63":{"start":{"line":276,"column":2},"end":{"line":277,"column":31}},"64":{"start":{"line":279,"column":2},"end":{"line":281,"column":5}},"65":{"start":{"line":280,"column":4},"end":{"line":280,"column":28}},"66":{"start":{"line":282,"column":2},"end":{"line":282,"column":16}},"67":{"start":{"line":286,"column":0},"end":{"line":288,"column":35}},"68":{"start":{"line":291,"column":0},"end":{"line":291,"column":44}},"69":{"start":{"line":294,"column":0},"end":{"line":294,"column":38}},"70":{"start":{"line":297,"column":0},"end":{"line":297,"column":48}},"71":{"start":{"line":300,"column":0},"end":{"line":303,"column":5}},"72":{"start":{"line":301,"column":2},"end":{"line":301,"column":91}},"73":{"start":{"line":302,"column":2},"end":{"line":302,"column":45}},"74":{"start":{"line":310,"column":0},"end":{"line":310,"column":48}},"75":{"start":{"line":313,"column":0},"end":{"line":316,"column":2}},"76":{"start":{"line":319,"column":0},"end":{"line":324,"column":61}},"77":{"start":{"line":327,"column":0},"end":{"line":329,"column":46}},"78":{"start":{"line":332,"column":0},"end":{"line":337,"column":47}},"79":{"start":{"line":340,"column":0},"end":{"line":344,"column":42}},"80":{"start":{"line":347,"column":0},"end":{"line":348,"column":66}},"81":{"start":{"line":357,"column":0},"end":{"line":366,"column":1}},"82":{"start":{"line":358,"column":2},"end":{"line":359,"column":52}},"83":{"start":{"line":361,"column":2},"end":{"line":361,"column":15}},"84":{"start":{"line":362,"column":2},"end":{"line":365,"column":3}},"85":{"start":{"line":363,"column":4},"end":{"line":363,"column":31}},"86":{"start":{"line":364,"column":4},"end":{"line":364,"column":33}},"87":{"start":{"line":375,"column":0},"end":{"line":378,"column":1}},"88":{"start":{"line":376,"column":2},"end":{"line":376,"column":57}},"89":{"start":{"line":377,"column":2},"end":{"line":377,"column":16}},"90":{"start":{"line":390,"column":0},"end":{"line":394,"column":1}},"91":{"start":{"line":391,"column":2},"end":{"line":391,"column":58}},"92":{"start":{"line":392,"column":2},"end":{"line":392,"column":30}},"93":{"start":{"line":393,"column":2},"end":{"line":393,"column":16}},"94":{"start":{"line":405,"column":0},"end":{"line":412,"column":1}},"95":{"start":{"line":406,"column":2},"end":{"line":406,"column":27}},"96":{"start":{"line":407,"column":2},"end":{"line":410,"column":3}},"97":{"start":{"line":408,"column":4},"end":{"line":408,"column":27}},"98":{"start":{"line":409,"column":4},"end":{"line":409,"column":58}},"99":{"start":{"line":411,"column":2},"end":{"line":411,"column":64}},"100":{"start":{"line":423,"column":0},"end":{"line":426,"column":1}},"101":{"start":{"line":424,"column":2},"end":{"line":424,"column":27}},"102":{"start":{"line":425,"column":2},"end":{"line":425,"column":83}},"103":{"start":{"line":438,"column":0},"end":{"line":443,"column":1}},"104":{"start":{"line":439,"column":2},"end":{"line":439,"column":27}},"105":{"start":{"line":440,"column":2},"end":{"line":440,"column":37}},"106":{"start":{"line":441,"column":2},"end":{"line":441,"column":77}},"107":{"start":{"line":442,"column":2},"end":{"line":442,"column":14}},"108":{"start":{"line":446,"column":0},"end":{"line":446,"column":33}},"109":{"start":{"line":447,"column":0},"end":{"line":447,"column":38}},"110":{"start":{"line":448,"column":0},"end":{"line":448,"column":29}},"111":{"start":{"line":449,"column":0},"end":{"line":449,"column":29}},"112":{"start":{"line":450,"column":0},"end":{"line":450,"column":29}},"113":{"start":{"line":459,"column":0},"end":{"line":468,"column":1}},"114":{"start":{"line":460,"column":2},"end":{"line":461,"column":52}},"115":{"start":{"line":463,"column":2},"end":{"line":463,"column":15}},"116":{"start":{"line":464,"column":2},"end":{"line":467,"column":3}},"117":{"start":{"line":465,"column":4},"end":{"line":465,"column":31}},"118":{"start":{"line":466,"column":4},"end":{"line":466,"column":33}},"119":{"start":{"line":477,"column":0},"end":{"line":480,"column":1}},"120":{"start":{"line":478,"column":2},"end":{"line":478,"column":21}},"121":{"start":{"line":479,"column":2},"end":{"line":479,"column":16}},"122":{"start":{"line":491,"column":0},"end":{"line":506,"column":1}},"123":{"start":{"line":492,"column":2},"end":{"line":493,"column":38}},"124":{"start":{"line":495,"column":2},"end":{"line":497,"column":3}},"125":{"start":{"line":496,"column":4},"end":{"line":496,"column":17}},"126":{"start":{"line":498,"column":2},"end":{"line":498,"column":34}},"127":{"start":{"line":499,"column":2},"end":{"line":503,"column":3}},"128":{"start":{"line":500,"column":4},"end":{"line":500,"column":15}},"129":{"start":{"line":502,"column":4},"end":{"line":502,"column":32}},"130":{"start":{"line":504,"column":2},"end":{"line":504,"column":14}},"131":{"start":{"line":505,"column":2},"end":{"line":505,"column":14}},"132":{"start":{"line":517,"column":0},"end":{"line":522,"column":1}},"133":{"start":{"line":518,"column":2},"end":{"line":519,"column":38}},"134":{"start":{"line":521,"column":2},"end":{"line":521,"column":48}},"135":{"start":{"line":533,"column":0},"end":{"line":535,"column":1}},"136":{"start":{"line":534,"column":2},"end":{"line":534,"column":47}},"137":{"start":{"line":547,"column":0},"end":{"line":558,"column":1}},"138":{"start":{"line":548,"column":2},"end":{"line":549,"column":38}},"139":{"start":{"line":551,"column":2},"end":{"line":556,"column":3}},"140":{"start":{"line":552,"column":4},"end":{"line":552,"column":16}},"141":{"start":{"line":553,"column":4},"end":{"line":553,"column":28}},"142":{"start":{"line":555,"column":4},"end":{"line":555,"column":27}},"143":{"start":{"line":557,"column":2},"end":{"line":557,"column":14}},"144":{"start":{"line":561,"column":0},"end":{"line":561,"column":43}},"145":{"start":{"line":562,"column":0},"end":{"line":562,"column":48}},"146":{"start":{"line":563,"column":0},"end":{"line":563,"column":39}},"147":{"start":{"line":564,"column":0},"end":{"line":564,"column":39}},"148":{"start":{"line":565,"column":0},"end":{"line":565,"column":39}},"149":{"start":{"line":574,"column":0},"end":{"line":583,"column":1}},"150":{"start":{"line":575,"column":2},"end":{"line":576,"column":52}},"151":{"start":{"line":578,"column":2},"end":{"line":578,"column":15}},"152":{"start":{"line":579,"column":2},"end":{"line":582,"column":3}},"153":{"start":{"line":580,"column":4},"end":{"line":580,"column":31}},"154":{"start":{"line":581,"column":4},"end":{"line":581,"column":33}},"155":{"start":{"line":592,"column":0},"end":{"line":599,"column":1}},"156":{"start":{"line":593,"column":2},"end":{"line":593,"column":16}},"157":{"start":{"line":594,"column":2},"end":{"line":598,"column":4}},"158":{"start":{"line":610,"column":0},"end":{"line":614,"column":1}},"159":{"start":{"line":611,"column":2},"end":{"line":611,"column":52}},"160":{"start":{"line":612,"column":2},"end":{"line":612,"column":30}},"161":{"start":{"line":613,"column":2},"end":{"line":613,"column":16}},"162":{"start":{"line":625,"column":0},"end":{"line":627,"column":1}},"163":{"start":{"line":626,"column":2},"end":{"line":626,"column":40}},"164":{"start":{"line":638,"column":0},"end":{"line":640,"column":1}},"165":{"start":{"line":639,"column":2},"end":{"line":639,"column":40}},"166":{"start":{"line":652,"column":0},"end":{"line":659,"column":1}},"167":{"start":{"line":653,"column":2},"end":{"line":654,"column":23}},"168":{"start":{"line":656,"column":2},"end":{"line":656,"column":23}},"169":{"start":{"line":657,"column":2},"end":{"line":657,"column":41}},"170":{"start":{"line":658,"column":2},"end":{"line":658,"column":14}},"171":{"start":{"line":662,"column":0},"end":{"line":662,"column":41}},"172":{"start":{"line":663,"column":0},"end":{"line":663,"column":46}},"173":{"start":{"line":664,"column":0},"end":{"line":664,"column":37}},"174":{"start":{"line":665,"column":0},"end":{"line":665,"column":37}},"175":{"start":{"line":666,"column":0},"end":{"line":666,"column":37}},"176":{"start":{"line":676,"column":0},"end":{"line":684,"column":1}},"177":{"start":{"line":677,"column":2},"end":{"line":678,"column":50}},"178":{"start":{"line":680,"column":2},"end":{"line":680,"column":31}},"179":{"start":{"line":681,"column":2},"end":{"line":683,"column":3}},"180":{"start":{"line":682,"column":4},"end":{"line":682,"column":28}},"181":{"start":{"line":696,"column":0},"end":{"line":699,"column":1}},"182":{"start":{"line":697,"column":2},"end":{"line":697,"column":43}},"183":{"start":{"line":698,"column":2},"end":{"line":698,"column":14}},"184":{"start":{"line":710,"column":0},"end":{"line":712,"column":1}},"185":{"start":{"line":711,"column":2},"end":{"line":711,"column":34}},"186":{"start":{"line":715,"column":0},"end":{"line":715,"column":63}},"187":{"start":{"line":716,"column":0},"end":{"line":716,"column":37}},"188":{"start":{"line":725,"column":0},"end":{"line":728,"column":1}},"189":{"start":{"line":726,"column":2},"end":{"line":726,"column":52}},"190":{"start":{"line":727,"column":2},"end":{"line":727,"column":24}},"191":{"start":{"line":737,"column":0},"end":{"line":740,"column":1}},"192":{"start":{"line":738,"column":2},"end":{"line":738,"column":32}},"193":{"start":{"line":739,"column":2},"end":{"line":739,"column":16}},"194":{"start":{"line":751,"column":0},"end":{"line":757,"column":1}},"195":{"start":{"line":752,"column":2},"end":{"line":753,"column":35}},"196":{"start":{"line":755,"column":2},"end":{"line":755,"column":24}},"197":{"start":{"line":756,"column":2},"end":{"line":756,"column":16}},"198":{"start":{"line":768,"column":0},"end":{"line":770,"column":1}},"199":{"start":{"line":769,"column":2},"end":{"line":769,"column":32}},"200":{"start":{"line":781,"column":0},"end":{"line":783,"column":1}},"201":{"start":{"line":782,"column":2},"end":{"line":782,"column":32}},"202":{"start":{"line":795,"column":0},"end":{"line":809,"column":1}},"203":{"start":{"line":796,"column":2},"end":{"line":796,"column":27}},"204":{"start":{"line":797,"column":2},"end":{"line":805,"column":3}},"205":{"start":{"line":798,"co
[...]
 stacked == other;","  }","  var result = true;","  stack.set(object, other);","  stack.set(other, object);","","  var skipCtor = isPartial;","  while (++index < objLength) {","    key = objProps[index];","    var objValue = object[key],","        othValue = other[key];","","    if (customizer) {","      var compared = isPartial","        ? customizer(othValue, objValue, key, other, object, stack)","        : customizer(objValue, othValue, key, object, other, stack);","    }","    // Recursively compare objects (susceptible to call stack limits).","    if (!(compared === undefined","          ? (objValue === othValue || equalFunc(objValue, othValue, bitmask, customizer, stack))","          : compared","        )) {","      result = false;","      break;","    }","    skipCtor || (skipCtor = key == 'constructor');","  }","  if (result && !skipCtor) {","    var objCtor = object.constructor,","        othCtor = other.constructor;","","    // Non `Object` object instances with different constructors are not equal.","    if (objCtor != othCtor &&","        ('constructor' in object && 'constructor' in other) &&","        !(typeof objCtor == 'function' && objCtor instanceof objCtor &&","          typeof othCtor == 'function' && othCtor instanceof othCtor)) {","      result = false;","    }","  }","  stack['delete'](object);","  stack['delete'](other);","  return result;","}","","/**"," * Creates an array of own enumerable property names and symbols of `object`."," *"," * @private"," * @param {Object} object The object to query."," * @returns {Array} Returns the array of property names and symbols."," */","function getAllKeys(object) {","  return baseGetAllKeys(object, keys, getSymbols);","}","","/**"," * Gets the data for `map`."," *"," * @private"," * @param {Object} map The map to query."," * @param {string} key The reference key."," * @returns {*} Returns the map data."," */","function getMapData(map, key) {","  var data = map.__data__;","  return isKeyable(key)","    ? data[typeof key == 'string' ? 'string' : 'hash']","    : data.map;","}","","/**"," * Gets the native function at `key` of `object`."," *"," * @private"," * @param {Object} object The object to query."," * @param {string} key The key of the method to get."," * @returns {*} Returns the function if it's native, else `undefined`."," */","function getNative(object, key) {","  var value = getValue(object, key);","  return baseIsNative(value) ? value : undefined;","}","","/**"," * A specialized version of `baseGetTag` which ignores `Symbol.toStringTag` values."," *"," * @private"," * @param {*} value The value to query."," * @returns {string} Returns the raw `toStringTag`."," */","function getRawTag(value) {","  var isOwn = hasOwnProperty.call(value, symToStringTag),","      tag = value[symToStringTag];","","  try {","    value[symToStringTag] = undefined;","    var unmasked = true;","  } catch (e) {}","","  var result = nativeObjectToString.call(value);","  if (unmasked) {","    if (isOwn) {","      value[symToStringTag] = tag;","    } else {","      delete value[symToStringTag];","    }","  }","  return result;","}","","/**"," * Creates an array of the own enumerable symbols of `object`."," *"," * @private"," * @param {Object} object The object to query."," * @returns {Array} Returns the array of symbols."," */","var getSymbols = !nativeGetSymbols ? stubArray : function(object) {","  if (object == null) {","    return [];","  }","  object = Object(object);","  return arrayFilter(nativeGetSymbols(object), function(symbol) {","    return propertyIsEnumerable.call(object, symbol);","  });","};","","/**"," * Gets the `toStringTag` of `value`."," *"," * @private"," * @param {*} value The value to query."," * @returns {string} Returns the `toStringTag`."," */","var getTag = baseGetTag;","","// Fallback for data views, maps, sets, and weak maps in IE 11 and promises in Node.js < 6.","if ((DataView && getTag(new DataView(new ArrayBuffer(1))) != dataViewTag) ||","    (Map && getTag(new Map) != mapTag) ||","    (Promise && getTag(Promise.resolve()) != promiseTag) ||","    (Set && getTag(new Set) != setTag) ||","    (WeakMap && getTag(new WeakMap) != weakMapTag)) {","  getTag = function(value) {","    var result = baseGetTag(value),","        Ctor = result == objectTag ? value.constructor : undefined,","        ctorString = Ctor ? toSource(Ctor) : '';","","    if (ctorString) {","      switch (ctorString) {","        case dataViewCtorString: return dataViewTag;","        case mapCtorString: return mapTag;","        case promiseCtorString: return promiseTag;","        case setCtorString: return setTag;","        case weakMapCtorString: return weakMapTag;","      }","    }","    return result;","  };","}","","/**"," * Checks if `value` is a valid array-like index."," *"," * @private"," * @param {*} value The value to check."," * @param {number} [length=MAX_SAFE_INTEGER] The upper bounds of a valid index."," * @returns {boolean} Returns `true` if `value` is a valid index, else `false`."," */","function isIndex(value, length) {","  length = length == null ? MAX_SAFE_INTEGER : length;","  return !!length &&","    (typeof value == 'number' || reIsUint.test(value)) &&","    (value > -1 && value % 1 == 0 && value < length);","}","","/**"," * Checks if `value` is suitable for use as unique object key."," *"," * @private"," * @param {*} value The value to check."," * @returns {boolean} Returns `true` if `value` is suitable, else `false`."," */","function isKeyable(value) {","  var type = typeof value;","  return (type == 'string' || type == 'number' || type == 'symbol' || type == 'boolean')","    ? (value !== '__proto__')","    : (value === null);","}","","/**"," * Checks if `func` has its source masked."," *"," * @private"," * @param {Function} func The function to check."," * @returns {boolean} Returns `true` if `func` is masked, else `false`."," */","function isMasked(func) {","  return !!maskSrcKey && (maskSrcKey in func);","}","","/**"," * Checks if `value` is likely a prototype object."," *"," * @private"," * @param {*} value The value to check."," * @returns {boolean} Returns `true` if `value` is a prototype, else `false`."," */","function isPrototype(value) {","  var Ctor = value && value.constructor,","      proto = (typeof Ctor == 'function' && Ctor.prototype) || objectProto;","","  return value === proto;","}","","/**"," * Converts `value` to a string using `Object.prototype.toString`."," *"," * @private"," * @param {*} value The value to convert."," * @returns {string} Returns the converted string."," */","function objectToString(value) {","  return nativeObjectToString.call(value);","}","","/**"," * Converts `func` to its source code."," *"," * @private"," * @param {Function} func The function to convert."," * @returns {string} Returns the source code."," */","function toSource(func) {","  if (func != null) {","    try {","      return funcToString.call(func);","    } catch (e) {}","    try {","      return (func + '');","    } catch (e) {}","  }","  return '';","}","","/**"," * Performs a"," * [`SameValueZero`](http://ecma-international.org/ecma-262/7.0/#sec-samevaluezero)"," * comparison between two values to determine if they are equivalent."," *"," * @static"," * @memberOf _"," * @since 4.0.0"," * @category Lang"," * @param {*} value The value to compare."," * @param {*} other The other value to compare."," * @returns {boolean} Returns `true` if the values are equivalent, else `false`."," * @example"," *"," * var object = { 'a': 1 };"," * var other = { 'a': 1 };"," *"," * _.eq(object, object);"," * // => true"," *"," * _.eq(object, other);"," * // => false"," *"," * _.eq('a', 'a');"," * // => true"," *"," * _.eq('a', Object('a'));"," * // => false"," *"," * _.eq(NaN, NaN);"," * // => true"," */","function eq(value, other) {","  return value === other || (value !== value && other !== other);","}","","/**"," * Checks if `value` is likely an `arguments` object."," *"," * @static"," * @memberOf _"," * @since 0.1.0"," * @category Lang"," * @param {*} value The value to check."," * @returns {boolean} Returns `true` if `value` is an `arguments` object,"," *  else `false`."," * @example"," *"," * _.isArguments(function() { return arguments; }());"," * // => true"," *"," * _.isArguments([1, 2, 3]);"," * // => false"," */","var isArguments = baseIsArguments(function() { return arguments; }()) ? baseIsArguments : function(value) {","  return isObjectLike(value) && hasOwnProperty.call(value, 'callee') &&","    !propertyIsEnumerable.call(value, 'callee');","};","","/**"," * Checks if `value` is classified as an `Array` object."," *"," * @static"," * @memberOf _"," * @since 0.1.0"," * @category Lang"," * @param {*} value The value to check."," * @returns {boolean} Returns `true` if `value` is an array, else `false`."," * @example"," *"," * _.isArray([1, 2, 3]);"," * // => true"," *"," * _.isArray(document.body.children);"," * // => false"," *"," * _.isArray('abc');"," * // => false"," *"," * _.isArray(_.noop);"," * // => false"," */","var isArray = Array.isArray;","","/**"," * Checks if `value` is array-like. A value is considered array-like if it's"," * not a function and has a `value.length` that's an integer greater than or"," * equal to `0` and less than or equal to `Number.MAX_SAFE_INTEGER`."," *"," * @static"," * @memberOf _"," * @since 4.0.0"," * @category Lang"," * @param {*} value The value to check."," * @returns {boolean} Returns `true` if `value` is array-like, else `false`."," * @example"," *"," * _.isArrayLike([1, 2, 3]);"," * // => true"," *"," * _.isArrayLike(document.body.children);"," * // => true"," *"," * _.isArrayLike('abc');"," * // => true"," *"," * _.isArrayLike(_.noop);"," * // => false"," */","function isArrayLike(value) {","  return value != null && isLength(value.length) && !isFunction(value);","}","","/**"," * Checks if `value` is a buffer."," *"," * @static"," * @memberOf _"," * @since 4.3.0"," * @category Lang"," * @param {*} value The value to check."," * @returns {boolean} Returns `true` if `value` is a buffer, else `false`."," * @example"," *"," * _.isBuffer(new Buffer(2));"," * // => true"," *"," * _.isBuffer(new Uint8Array(2));"," * // => false"," */","var isBuffer = nativeIsBuffer || stubFalse;","","/**"," * Performs a deep comparison between two values to determine if they are"," * equivalent."," *"," * **Note:** This method supports comparing arrays, array buffers, booleans,"," * date objects, error objects, maps, numbers, `Object` objects, regexes,"," * sets, strings, symbols, and typed arrays. `Object` objects are compared"," * by their own, not inherited, enumerable properties. Functions and DOM"," * nodes are compared by strict equality, i.e. `===`."," *"," * @static"," * @memberOf _"," * @since 0.1.0"," * @category Lang"," * @param {*} value The value to compare."," * @param {*} other The other value to compare."," * @returns {boolean} Returns `true` if the values are equivalent, else `false`."," * @example"," *"," * var object = { 'a': 1 };"," * var other = { 'a': 1 };"," *"," * _.isEqual(object, other);"," * // => true"," *"," * object === other;"," * // => false"," */","function isEqual(value, other) {","  return baseIsEqual(value, other);","}","","/**"," * Checks if `value` is classified as a `Function` object."," *"," * @static"," * @memberOf _"," * @since 0.1.0"," * @category Lang"," * @param {*} value The value to check."," * @returns {boolean} Returns `true` if `value` is a function, else `false`."," * @example"," *"," * _.isFunction(_);"," * // => true"," *"," * _.isFunction(/abc/);"," * // => false"," */","function isFunction(value) {","  if (!isObject(value)) {","    return false;","  }","  // The use of `Object#toString` avoids issues with the `typeof` operator","  // in Safari 9 which returns 'object' for typed arrays and other constructors.","  var tag = baseGetTag(value);","  return tag == funcTag || tag == genTag || tag == asyncTag || tag == proxyTag;","}","","/**"," * Checks if `value` is a valid array-like length."," *"," * **Note:** This method is loosely based on"," * [`ToLength`](http://ecma-international.org/ecma-262/7.0/#sec-tolength)."," *"," * @static"," * @memberOf _"," * @since 4.0.0"," * @category Lang"," * @param {*} value The value to check."," * @returns {boolean} Returns `true` if `value` is a valid length, else `false`."," * @example"," *"," * _.isLength(3);"," * // => true"," *"," * _.isLength(Number.MIN_VALUE);"," * // => false"," *"," * _.isLength(Infinity);"," * // => false"," *"," * _.isLength('3');"," * // => false"," */","function isLength(value) {","  return typeof value == 'number' &&","    value > -1 && value % 1 == 0 && value <= MAX_SAFE_INTEGER;","}","","/**"," * Checks if `value` is the"," * [language type](http://www.ecma-international.org/ecma-262/7.0/#sec-ecmascript-language-types)"," * of `Object`. (e.g. arrays, functions, objects, regexes, `new Number(0)`, and `new String('')`)"," *"," * @static"," * @memberOf _"," * @since 0.1.0"," * @category Lang"," * @param {*} value The value to check."," * @returns {boolean} Returns `true` if `value` is an object, else `false`."," * @example"," *"," * _.isObject({});"," * // => true"," *"," * _.isObject([1, 2, 3]);"," * // => true"," *"," * _.isObject(_.noop);"," * // => true"," *"," * _.isObject(null);"," * // => false"," */","function isObject(value) {","  var type = typeof value;","  return value != null && (type == 'object' || type == 'function');","}","","/**"," * Checks if `value` is object-like. A value is object-like if it's not `null`"," * and has a `typeof` result of \"object\"."," *"," * @static"," * @memberOf _"," * @since 4.0.0"," * @category Lang"," * @param {*} value The value to check."," * @returns {boolean} Returns `true` if `value` is object-like, else `false`."," * @example"," *"," * _.isObjectLike({});"," * // => true"," *"," * _.isObjectLike([1, 2, 3]);"," * // => true"," *"," * _.isObjectLike(_.noop);"," * // => false"," *"," * _.isObjectLike(null);"," * // => false"," */","function isObjectLike(value) {","  return value != null && typeof value == 'object';","}","","/**"," * Checks if `value` is classified as a typed array."," *"," * @static"," * @memberOf _"," * @since 3.0.0"," * @category Lang"," * @param {*} value The value to check."," * @returns {boolean} Returns `true` if `value` is a typed array, else `false`."," * @example"," *"," * _.isTypedArray(new Uint8Array);"," * // => true"," *"," * _.isTypedArray([]);"," * // => false"," */","var isTypedArray = nodeIsTypedArray ? baseUnary(nodeIsTypedArray) : baseIsTypedArray;","","/**"," * Creates an array of the own enumerable property names of `object`."," *"," * **Note:** Non-object values are coerced to objects. See the"," * [ES spec](http://ecma-international.org/ecma-262/7.0/#sec-object.keys)"," * for more details."," *"," * @static"," * @since 0.1.0"," * @memberOf _"," * @category Object"," * @param {Object} object The object to query."," * @returns {Array} Returns the array of property names."," * @example"," *"," * function Foo() {"," *   this.a = 1;"," *   this.b = 2;"," * }"," *"," * Foo.prototype.c = 3;"," *"," * _.keys(new Foo);"," * // => ['a', 'b'] (iteration order is not guaranteed)"," *"," * _.keys('hi');"," * // => ['0', '1']"," */","function keys(object) {","  return isArrayLike(object) ? arrayLikeKeys(object) : baseKeys(object);","}","","/**"," * This method returns a new empty array."," *"," * @static"," * @memberOf _"," * @since 4.13.0"," * @category Util"," * @returns {Array} Returns the new empty array."," * @example"," *"," * var arrays = _.times(2, _.stubArray);"," *"," * console.log(arrays);"," * // => [[], []]"," *"," * console.log(arrays[0] === arrays[1]);"," * // => false"," */","function stubArray() {","  return [];","}","","/**"," * This method returns `false`."," *"," * @static"," * @memberOf _"," * @since 4.13.0"," * @category Util"," * @returns {boolean} Returns `false`."," * @example"," *"," * _.times(2, _.stubFalse);"," * // => [false, false]"," */","function stubFalse() {","  return false;","}","","module.exports = isEqual;",""],"l":{"11":1,"14":1,"17":1,"21":1,"24":1,"45":1,"61":1,"64":1,"67":1,"70":1,"71":1,"76":1,"86":1,"89":1,"92":1,"95":1,"98":1,"101":1,"104":1,"107":1,"108":1,"109":1,"114":1,"125":1,"126":0,"131":0,"132":0,"133":0,"134":0,"137":0,"148":1,"149":0,"153":0,"154":0,"156":0,"169":1,"170":0,"173":0,"174":0,"175":0,"178":0,"190":1,"191":0,"194":0,"195":0,"197":0,"207":1,"208":1,"209":0,"221":1,"222":0,"233":1,"234":6,"244":1,"245":0,"248":0,"249":0,"251":0,"262":1,"263":1,"264":0,"275":1,"276":0,"279":0,"280":0,"282":0,"286":1,"291":1,"294":1,"297":1,"300":1,"301":1,"302":1,"310":1,"313":1,"319":1,"327":1,"332":1,"340":1,"347":1,"357":1,"358":0,"361":0,"362":0,"363":0,"364":0,"375":1,"376":0,"377":0,"390":1,"391":0,"392":0,"393":0,"405":1,"406":0,"407":0,"408":0,"409":0,"411":0,"423":1,"424":0,"425":0,"438":1,"439":0,"440":0,"441":0,"442":0,"446":1,"447":1,"448":1,"449":1,"450":1,"459":1,"460":0,"463":0,"464":0,"465":0,"466":0,"477":1,"478":0,"479":0,"491":1,"492":0,"495":0,"496":0,"498":0,"499":0,"500":0,"502":0,"504":0,"505":0,"517":1,"518":0,"521":0,"533":1,"534":0,"547":1,"548":0,"551":0,"552":0,"553":0,"555":0,"557":0,"561":1,"562":1,"563":1,"564":1,"565":1,"574":1,"575":0,"578":0,"579":0,"580":0,"581":0,"592":1,"593":0,"594":0,"610":1,"611":0,"612":0,"613":0,"625":1,"626":0,"638":1,"639":0,"652":1,"653":0,"656":0,"657":0,"658":0,"662":1,"663":1,"664":1,"665":1,"666":1,"676":1,"677":0,"680":0,"681":0,"682":0,"696":1,"697":0,"698":0,"710":1,"711":0,"715":1,"716":1,"725":1,"726":0,"727":0,"737":1,"738":0,"739":0,"751":1,"752":0,"755":0,"756":0,"768":1,"769":0,"781":1,"782":0,"795":1,"796":0,"797":0,"798":0,"799":0,"800":0,"801":0,"802":0,"804":0,"806":0,"807":0,"808":0,"812":1,"813":1,"814":1,"815":1,"816":1,"826":1,"827":0,"835":0,"836":0,"847":0,"850":0,"861":1,"862":0,"863":0,"864":0,"865":0,"868":0,"882":1,"883":0,"884":0,"894":1,"895":12,"896":0,"898":12,"910":1,"911":1,"928":1,"929":0,"930":0,"932":0,"933":0,"935":0,"952":1,"953":0,"958":0,"959":0,"961":0,"965":0,"966":0,"967":0,"969":0,"970":0,"972":0,"973":0,"974":0,"978":0,"979":0,"982":0,"983":0,"986":0,"987":0,"990":0,"991":0,"993":0,"994":0,"1005":1,"1006":6,"1007":0,"1009":6,"1010":6,"1020":1,"1021":0,"1032":1,"1033":0,"1034":0,"1036":0,"1037":0,"1038":0,"1039":0,"1042":0,"1058":1,"1059":0,"1063":0,"1064":0,"1067":0,"1068":0,"1069":0,"1071":0,"1075":0,"1076":0,"1079":0,"1080":0,"1083":0,"1084":0,"1088":0,"1089":0,"1090":0,"1092":0,"1093":0,"1096":0,"1097":0,"1098":0,"1100":0,"1103":0,"1104":0,"1106":0,"1110":0,"1111":0,"1114":0,"1115":0,"1116":0,"1136":1,"1137":0,"1139":0,"1141":0,"1143":0,"1144":0,"1147":0,"1149":0,"1151":0,"1158":0,"1161":0,"1168":0,"1171":0,"1174":0,"1175":0,"1177":0,"1178":0,"1181":0,"1182":0,"1183":0,"1185":0,"1188":0,"1189":0,"1190":0,"1191":0,"1194":0,"1195":0,"1198":0,"1214":1,"1215":0,"1221":0,"1222":0,"1224":0,"1225":0,"1226":0,"1227":0,"1228":0,"1232":0,"1233":0,"1234":0,"1236":0,"1237":0,"1238":0,"1240":0,"1241":0,"1242":0,"1243":0,"1246":0,"1247":0,"1252":0,"1256":0,"1257":0,"1259":0,"1261":0,"1262":0,"1266":0,"1270":0,"1273":0,"1274":0,"1275":0,"1285":1,"1286":0,"1297":1,"1298":0,"1299":0,"1312":1,"1313":6,"1314":6,"1324":1,"1325":5,"1328":5,"1329":5,"1330":5,"1333":5,"1334":5,"1335":5,"1336":0,"1338":5,"1341":5,"1351":1,"1352":0,"1353":0,"1355":0,"1356":0,"1357":0,"1368":1,"1371":1,"1376":0,"1377":0,"1381":0,"1382":0,"1383":0,"1384":0,"1385":0,"1386":0,"1387":0,"1390":0,"1402":1,"1403":0,"1404":0,"1416":1,"1417":0,"1418":0,"1430":1,"1431":6,"1441":1,"1442":0,"1445":0,"1455":1,"1456":7,"1466":1,"1467":11,"1468":11,"1469":11,"1471":0,"1472":0,"1475":0,"1510":1,"1511":0,"1532":1,"1533":0,"1560":1,"1587":1,"1588":0,"1608":1,"1638":1,"1639":0,"1659":1,"1660":6,"1661":0,"1665":6,"1666":6,"1695":1,"1696":0,"1725":1,"1726":12,"1727":12,"1754":1,"1755":1,"1775":1,"1805":1,"1806":0,"1827":1,"1828":0,"1844":1,"1845":0,"1848":1}}}